[1.660s] DEBUG:colcon:Command line arguments: ['/usr/bin/colcon', 'build', '--symlink-install']
[1.660s] DEBUG:colcon:Parsed command line arguments: Namespace(log_base=None, log_level=None, verb_name='build', build_base='build', install_base='install', merge_install=False, symlink_install=True, test_result_base=None, continue_on_error=False, executor='parallel', parallel_workers=4, event_handlers=None, ignore_user_meta=False, metas=['./colcon.meta'], base_paths=['.'], packages_ignore=None, packages_ignore_regex=None, paths=None, packages_up_to=None, packages_up_to_regex=None, packages_above=None, packages_above_and_dependencies=None, packages_above_depth=None, packages_select_by_dep=None, packages_skip_by_dep=None, packages_skip_up_to=None, packages_select_build_failed=False, packages_skip_build_finished=False, packages_select_test_failures=False, packages_skip_test_passed=False, packages_select=None, packages_skip=None, packages_select_regex=None, packages_skip_regex=None, packages_start=None, packages_end=None, allow_overriding=[], cmake_args=None, cmake_target=None, cmake_target_skip_unavailable=False, cmake_clean_cache=False, cmake_clean_first=False, cmake_force_configure=False, ament_cmake_args=None, catkin_cmake_args=None, catkin_skip_building_tests=False, verb_parser=<colcon_defaults.argument_parser.defaults.DefaultArgumentsDecorator object at 0xffff941b7190>, verb_extension=<colcon_core.verb.build.BuildVerb object at 0xffff9422d6f0>, main=<bound method BuildVerb.main of <colcon_core.verb.build.BuildVerb object at 0xffff9422d6f0>>)
[1.772s] Level 1:colcon.colcon_core.package_discovery:discover_packages(colcon_meta) check parameters
[1.773s] Level 1:colcon.colcon_core.package_discovery:discover_packages(recursive) check parameters
[1.773s] Level 1:colcon.colcon_core.package_discovery:discover_packages(ignore) check parameters
[1.773s] Level 1:colcon.colcon_core.package_discovery:discover_packages(path) check parameters
[1.773s] Level 1:colcon.colcon_core.package_discovery:discover_packages(colcon_meta) discover
[1.774s] Level 1:colcon.colcon_core.package_discovery:discover_packages(recursive) discover
[1.774s] INFO:colcon.colcon_core.package_discovery:Crawling recursively for packages in '/home/ubuntu/ros2_2dvision'
[1.775s] Level 1:colcon.colcon_core.package_identification:_identify(.) by extensions ['ignore', 'ignore_ament_install']
[1.775s] Level 1:colcon.colcon_core.package_identification:_identify(.) by extension 'ignore'
[1.775s] Level 1:colcon.colcon_core.package_identification:_identify(.) by extension 'ignore_ament_install'
[1.776s] Level 1:colcon.colcon_core.package_identification:_identify(.) by extensions ['colcon_pkg']
[1.776s] Level 1:colcon.colcon_core.package_identification:_identify(.) by extension 'colcon_pkg'
[1.776s] Level 1:colcon.colcon_core.package_identification:_identify(.) by extensions ['colcon_meta']
[1.776s] Level 1:colcon.colcon_core.package_identification:_identify(.) by extension 'colcon_meta'
[1.777s] Level 1:colcon.colcon_core.package_identification:_identify(.) by extensions ['ros']
[1.777s] Level 1:colcon.colcon_core.package_identification:_identify(.) by extension 'ros'
[1.826s] Level 1:colcon.colcon_core.package_identification:_identify(.) by extensions ['cmake', 'python']
[1.827s] Level 1:colcon.colcon_core.package_identification:_identify(.) by extension 'cmake'
[1.827s] Level 1:colcon.colcon_core.package_identification:_identify(.) by extension 'python'
[1.827s] Level 1:colcon.colcon_core.package_identification:_identify(.) by extensions ['python_setup_py']
[1.827s] Level 1:colcon.colcon_core.package_identification:_identify(.) by extension 'python_setup_py'
[1.828s] Level 1:colcon.colcon_core.package_identification:_identify(build) by extensions ['ignore', 'ignore_ament_install']
[1.829s] Level 1:colcon.colcon_core.package_identification:_identify(build) by extension 'ignore'
[1.829s] Level 1:colcon.colcon_core.package_identification:_identify(build) ignored
[1.830s] Level 1:colcon.colcon_core.package_identification:_identify(install) by extensions ['ignore', 'ignore_ament_install']
[1.830s] Level 1:colcon.colcon_core.package_identification:_identify(install) by extension 'ignore'
[1.831s] Level 1:colcon.colcon_core.package_identification:_identify(install) ignored
[1.831s] Level 1:colcon.colcon_core.package_identification:_identify(log) by extensions ['ignore', 'ignore_ament_install']
[1.832s] Level 1:colcon.colcon_core.package_identification:_identify(log) by extension 'ignore'
[1.832s] Level 1:colcon.colcon_core.package_identification:_identify(log) ignored
[1.832s] Level 1:colcon.colcon_core.package_identification:_identify(src) by extensions ['ignore', 'ignore_ament_install']
[1.833s] Level 1:colcon.colcon_core.package_identification:_identify(src) by extension 'ignore'
[1.833s] Level 1:colcon.colcon_core.package_identification:_identify(src) by extension 'ignore_ament_install'
[1.834s] Level 1:colcon.colcon_core.package_identification:_identify(src) by extensions ['colcon_pkg']
[1.834s] Level 1:colcon.colcon_core.package_identification:_identify(src) by extension 'colcon_pkg'
[1.834s] Level 1:colcon.colcon_core.package_identification:_identify(src) by extensions ['colcon_meta']
[1.834s] Level 1:colcon.colcon_core.package_identification:_identify(src) by extension 'colcon_meta'
[1.834s] Level 1:colcon.colcon_core.package_identification:_identify(src) by extensions ['ros']
[1.835s] Level 1:colcon.colcon_core.package_identification:_identify(src) by extension 'ros'
[1.835s] Level 1:colcon.colcon_core.package_identification:_identify(src) by extensions ['cmake', 'python']
[1.835s] Level 1:colcon.colcon_core.package_identification:_identify(src) by extension 'cmake'
[1.835s] Level 1:colcon.colcon_core.package_identification:_identify(src) by extension 'python'
[1.835s] Level 1:colcon.colcon_core.package_identification:_identify(src) by extensions ['python_setup_py']
[1.836s] Level 1:colcon.colcon_core.package_identification:_identify(src) by extension 'python_setup_py'
[1.836s] Level 1:colcon.colcon_core.package_identification:_identify(src/test_robot_controller) by extensions ['ignore', 'ignore_ament_install']
[1.837s] Level 1:colcon.colcon_core.package_identification:_identify(src/test_robot_controller) by extension 'ignore'
[1.837s] Level 1:colcon.colcon_core.package_identification:_identify(src/test_robot_controller) by extension 'ignore_ament_install'
[1.837s] Level 1:colcon.colcon_core.package_identification:_identify(src/test_robot_controller) by extensions ['colcon_pkg']
[1.837s] Level 1:colcon.colcon_core.package_identification:_identify(src/test_robot_controller) by extension 'colcon_pkg'
[1.838s] Level 1:colcon.colcon_core.package_identification:_identify(src/test_robot_controller) by extensions ['colcon_meta']
[1.838s] Level 1:colcon.colcon_core.package_identification:_identify(src/test_robot_controller) by extension 'colcon_meta'
[1.838s] Level 1:colcon.colcon_core.package_identification:_identify(src/test_robot_controller) by extensions ['ros']
[1.838s] Level 1:colcon.colcon_core.package_identification:_identify(src/test_robot_controller) by extension 'ros'
[1.847s] DEBUG:colcon.colcon_core.package_identification:Package 'src/test_robot_controller' with type 'ros.ament_python' and name 'test_robot_controller'
[1.847s] Level 1:colcon.colcon_core.package_discovery:discover_packages(recursive) using defaults
[1.848s] Level 1:colcon.colcon_core.package_discovery:discover_packages(ignore) discover
[1.848s] Level 1:colcon.colcon_core.package_discovery:discover_packages(ignore) using defaults
[1.848s] Level 1:colcon.colcon_core.package_discovery:discover_packages(path) discover
[1.848s] Level 1:colcon.colcon_core.package_discovery:discover_packages(path) using defaults
[1.946s] Level 1:colcon.colcon_core.package_discovery:discover_packages(prefix_path) check parameters
[1.946s] Level 1:colcon.colcon_core.package_discovery:discover_packages(prefix_path) discover
[1.962s] DEBUG:colcon.colcon_installed_package_information.package_discovery:Found 0 installed packages in /home/ubuntu/ros2_realsense/install
[1.968s] DEBUG:colcon.colcon_installed_package_information.package_discovery:Found 11 installed packages in /home/ubuntu/ros2_ws/install
[1.973s] DEBUG:colcon.colcon_installed_package_information.package_discovery:Found 1 installed packages in /home/ubuntu/ros2_2dvision/install
[1.985s] DEBUG:colcon.colcon_installed_package_information.package_discovery:Found 308 installed packages in /opt/ros/humble
[1.993s] Level 1:colcon.colcon_core.package_discovery:discover_packages(prefix_path) using defaults
[2.278s] Level 5:colcon.colcon_core.verb:set package 'test_robot_controller' build argument 'cmake_args' from command line to 'None'
[2.279s] Level 5:colcon.colcon_core.verb:set package 'test_robot_controller' build argument 'cmake_target' from command line to 'None'
[2.279s] Level 5:colcon.colcon_core.verb:set package 'test_robot_controller' build argument 'cmake_target_skip_unavailable' from command line to 'False'
[2.279s] Level 5:colcon.colcon_core.verb:set package 'test_robot_controller' build argument 'cmake_clean_cache' from command line to 'False'
[2.279s] Level 5:colcon.colcon_core.verb:set package 'test_robot_controller' build argument 'cmake_clean_first' from command line to 'False'
[2.279s] Level 5:colcon.colcon_core.verb:set package 'test_robot_controller' build argument 'cmake_force_configure' from command line to 'False'
[2.279s] Level 5:colcon.colcon_core.verb:set package 'test_robot_controller' build argument 'ament_cmake_args' from command line to 'None'
[2.280s] Level 5:colcon.colcon_core.verb:set package 'test_robot_controller' build argument 'catkin_cmake_args' from command line to 'None'
[2.280s] Level 5:colcon.colcon_core.verb:set package 'test_robot_controller' build argument 'catkin_skip_building_tests' from command line to 'False'
[2.280s] DEBUG:colcon.colcon_core.verb:Building package 'test_robot_controller' with the following arguments: {'ament_cmake_args': None, 'build_base': '/home/ubuntu/ros2_2dvision/build/test_robot_controller', 'catkin_cmake_args': None, 'catkin_skip_building_tests': False, 'cmake_args': None, 'cmake_clean_cache': False, 'cmake_clean_first': False, 'cmake_force_configure': False, 'cmake_target': None, 'cmake_target_skip_unavailable': False, 'install_base': '/home/ubuntu/ros2_2dvision/install/test_robot_controller', 'merge_install': False, 'path': '/home/ubuntu/ros2_2dvision/src/test_robot_controller', 'symlink_install': True, 'test_result_base': None}
[2.283s] INFO:colcon.colcon_core.executor:Executing jobs using 'parallel' executor
[2.296s] DEBUG:colcon.colcon_parallel_executor.executor.parallel:run_until_complete
[2.297s] INFO:colcon.colcon_ros.task.ament_python.build:Building ROS package in '/home/ubuntu/ros2_2dvision/src/test_robot_controller' with build type 'ament_python'
[2.299s] Level 1:colcon.colcon_core.shell:create_environment_hook('test_robot_controller', 'ament_prefix_path')
[2.319s] INFO:colcon.colcon_core.plugin_system:Skipping extension 'colcon_core.shell.bat': Not used on non-Windows systems
[2.320s] INFO:colcon.colcon_core.shell:Creating environment hook '/home/ubuntu/ros2_2dvision/install/test_robot_controller/share/test_robot_controller/hook/ament_prefix_path.ps1'
[2.323s] INFO:colcon.colcon_core.shell:Creating environment descriptor '/home/ubuntu/ros2_2dvision/install/test_robot_controller/share/test_robot_controller/hook/ament_prefix_path.dsv'
[2.325s] INFO:colcon.colcon_core.shell:Creating environment hook '/home/ubuntu/ros2_2dvision/install/test_robot_controller/share/test_robot_controller/hook/ament_prefix_path.sh'
[2.336s] INFO:colcon.colcon_core.shell:Skip shell extension 'powershell' for command environment: Not usable outside of PowerShell
[2.337s] DEBUG:colcon.colcon_core.shell:Skip shell extension 'dsv' for command environment
[3.872s] INFO:colcon.colcon_core.task.python.build:Building Python package in '/home/ubuntu/ros2_2dvision/src/test_robot_controller'
[3.878s] INFO:colcon.colcon_core.shell:Skip shell extension 'powershell' for command environment: Not usable outside of PowerShell
[3.879s] DEBUG:colcon.colcon_core.shell:Skip shell extension 'dsv' for command environment
[5.909s] DEBUG:colcon.colcon_core.task.python.build:While undoing a previous installation files outside the Python library path are being ignored: /home/ubuntu/ros2_2dvision/install/test_robot_controller/share/ament_index/resource_index/packages/test_robot_controller
[5.909s] DEBUG:colcon.colcon_core.task.python.build:While undoing a previous installation files outside the Python library path are being ignored: /home/ubuntu/ros2_2dvision/install/test_robot_controller/share/test_robot_controller/package.xml
[5.911s] DEBUG:colcon.colcon_core.task.python.build:While undoing a previous installation files outside the Python library path are being ignored: /home/ubuntu/ros2_2dvision/install/test_robot_controller/lib/test_robot_controller/cam_gs1
[5.911s] DEBUG:colcon.colcon_core.task.python.build:While undoing a previous installation files outside the Python library path are being ignored: /home/ubuntu/ros2_2dvision/install/test_robot_controller/lib/test_robot_controller/cam_loop
[5.911s] DEBUG:colcon.colcon_core.task.python.build:While undoing a previous installation files outside the Python library path are being ignored: /home/ubuntu/ros2_2dvision/install/test_robot_controller/lib/test_robot_controller/cam_obj_detect
[5.911s] DEBUG:colcon.colcon_core.task.python.build:While undoing a previous installation files outside the Python library path are being ignored: /home/ubuntu/ros2_2dvision/install/test_robot_controller/lib/test_robot_controller/draw_circle
[5.929s] DEBUG:colcon.colcon_core.event_handler.log_command:Invoking command in '/home/ubuntu/ros2_2dvision/build/test_robot_controller': PYTHONPATH=/home/ubuntu/ros2_2dvision/build/test_robot_controller/prefix_override:/home/ubuntu/ros2_2dvision/install/test_robot_controller/lib/python3.10/site-packages:${PYTHONPATH} /usr/bin/python3 setup.py develop --editable --build-directory /home/ubuntu/ros2_2dvision/build/test_robot_controller/build --no-deps install_data
[8.533s] Level 1:colcon.colcon_core.shell:create_environment_hook('test_robot_controller', 'pythonpath_develop')
[8.539s] INFO:colcon.colcon_core.shell:Creating environment hook '/home/ubuntu/ros2_2dvision/build/test_robot_controller/share/test_robot_controller/hook/pythonpath_develop.ps1'
[8.539s] DEBUG:colcon.colcon_core.event_handler.log_command:Invoked command in '/home/ubuntu/ros2_2dvision/build/test_robot_controller' returned '0': PYTHONPATH=/home/ubuntu/ros2_2dvision/build/test_robot_controller/prefix_override:/home/ubuntu/ros2_2dvision/install/test_robot_controller/lib/python3.10/site-packages:${PYTHONPATH} /usr/bin/python3 setup.py develop --editable --build-directory /home/ubuntu/ros2_2dvision/build/test_robot_controller/build --no-deps install_data
[8.542s] INFO:colcon.colcon_core.shell:Creating environment descriptor '/home/ubuntu/ros2_2dvision/build/test_robot_controller/share/test_robot_controller/hook/pythonpath_develop.dsv'
[8.544s] INFO:colcon.colcon_core.shell:Creating environment hook '/home/ubuntu/ros2_2dvision/build/test_robot_controller/share/test_robot_controller/hook/pythonpath_develop.sh'
[8.568s] Level 1:colcon.colcon_core.environment:checking '/home/ubuntu/ros2_2dvision/install/test_robot_controller' for CMake module files
[8.571s] Level 1:colcon.colcon_core.environment:checking '/home/ubuntu/ros2_2dvision/install/test_robot_controller' for CMake config files
[8.574s] Level 1:colcon.colcon_core.environment:checking '/home/ubuntu/ros2_2dvision/install/test_robot_controller/lib'
[8.575s] Level 1:colcon.colcon_core.environment:checking '/home/ubuntu/ros2_2dvision/install/test_robot_controller/bin'
[8.576s] Level 1:colcon.colcon_core.environment:checking '/home/ubuntu/ros2_2dvision/install/test_robot_controller/lib/pkgconfig/test_robot_controller.pc'
[8.577s] Level 1:colcon.colcon_core.environment:checking '/home/ubuntu/ros2_2dvision/install/test_robot_controller/lib/python3.10/site-packages'
[8.577s] Level 1:colcon.colcon_core.shell:create_environment_hook('test_robot_controller', 'pythonpath')
[8.586s] INFO:colcon.colcon_core.shell:Creating environment hook '/home/ubuntu/ros2_2dvision/install/test_robot_controller/share/test_robot_controller/hook/pythonpath.ps1'
[8.590s] INFO:colcon.colcon_core.shell:Creating environment descriptor '/home/ubuntu/ros2_2dvision/install/test_robot_controller/share/test_robot_controller/hook/pythonpath.dsv'
[8.592s] INFO:colcon.colcon_core.shell:Creating environment hook '/home/ubuntu/ros2_2dvision/install/test_robot_controller/share/test_robot_controller/hook/pythonpath.sh'
[8.595s] Level 1:colcon.colcon_core.environment:checking '/home/ubuntu/ros2_2dvision/install/test_robot_controller/bin'
[8.596s] Level 1:colcon.colcon_core.environment:create_environment_scripts_only(test_robot_controller)
[8.604s] INFO:colcon.colcon_core.shell:Creating package script '/home/ubuntu/ros2_2dvision/install/test_robot_controller/share/test_robot_controller/package.ps1'
[8.608s] INFO:colcon.colcon_core.shell:Creating package descriptor '/home/ubuntu/ros2_2dvision/install/test_robot_controller/share/test_robot_controller/package.dsv'
[8.611s] INFO:colcon.colcon_core.shell:Creating package script '/home/ubuntu/ros2_2dvision/install/test_robot_controller/share/test_robot_controller/package.sh'
[8.614s] INFO:colcon.colcon_core.shell:Creating package script '/home/ubuntu/ros2_2dvision/install/test_robot_controller/share/test_robot_controller/package.bash'
[8.618s] INFO:colcon.colcon_core.shell:Creating package script '/home/ubuntu/ros2_2dvision/install/test_robot_controller/share/test_robot_controller/package.zsh'
[8.621s] Level 1:colcon.colcon_core.environment:create_file_with_runtime_dependencies(/home/ubuntu/ros2_2dvision/install/test_robot_controller/share/colcon-core/packages/test_robot_controller)
[8.623s] DEBUG:colcon.colcon_parallel_executor.executor.parallel:closing loop
[8.624s] DEBUG:colcon.colcon_parallel_executor.executor.parallel:loop closed
[8.625s] DEBUG:colcon.colcon_parallel_executor.executor.parallel:run_until_complete finished with '0'
[8.626s] DEBUG:colcon.colcon_core.event_reactor:joining thread
[8.655s] INFO:colcon.colcon_core.plugin_system:Skipping extension 'colcon_notification.desktop_notification.terminal_notifier': Not used on non-Darwin systems
[8.655s] INFO:colcon.colcon_core.plugin_system:Skipping extension 'colcon_notification.desktop_notification.win32': Not used on non-Windows systems
[8.656s] INFO:colcon.colcon_notification.desktop_notification:Sending desktop notification using 'notify2'
[8.736s] DEBUG:colcon.colcon_core.event_reactor:joined thread
[8.743s] INFO:colcon.colcon_core.shell:Creating prefix script '/home/ubuntu/ros2_2dvision/install/local_setup.ps1'
[8.748s] INFO:colcon.colcon_core.shell:Creating prefix util module '/home/ubuntu/ros2_2dvision/install/_local_setup_util_ps1.py'
[8.756s] INFO:colcon.colcon_core.shell:Creating prefix chain script '/home/ubuntu/ros2_2dvision/install/setup.ps1'
[8.768s] INFO:colcon.colcon_core.shell:Creating prefix script '/home/ubuntu/ros2_2dvision/install/local_setup.sh'
[8.771s] INFO:colcon.colcon_core.shell:Creating prefix util module '/home/ubuntu/ros2_2dvision/install/_local_setup_util_sh.py'
[8.774s] INFO:colcon.colcon_core.shell:Creating prefix chain script '/home/ubuntu/ros2_2dvision/install/setup.sh'
[8.788s] INFO:colcon.colcon_core.shell:Creating prefix script '/home/ubuntu/ros2_2dvision/install/local_setup.bash'
[8.793s] INFO:colcon.colcon_core.shell:Creating prefix chain script '/home/ubuntu/ros2_2dvision/install/setup.bash'
[8.807s] INFO:colcon.colcon_core.shell:Creating prefix script '/home/ubuntu/ros2_2dvision/install/local_setup.zsh'
[8.812s] INFO:colcon.colcon_core.shell:Creating prefix chain script '/home/ubuntu/ros2_2dvision/install/setup.zsh'
