[1.751s] DEBUG:colcon:Command line arguments: ['/usr/bin/colcon', 'build', '--symlink-install', '--packages-select', 'test_robot_controller']
[1.752s] DEBUG:colcon:Parsed command line arguments: Namespace(log_base=None, log_level=None, verb_name='build', build_base='build', install_base='install', merge_install=False, symlink_install=True, test_result_base=None, continue_on_error=False, executor='parallel', parallel_workers=4, event_handlers=None, ignore_user_meta=False, metas=['./colcon.meta'], base_paths=['.'], packages_ignore=None, packages_ignore_regex=None, paths=None, packages_up_to=None, packages_up_to_regex=None, packages_above=None, packages_above_and_dependencies=None, packages_above_depth=None, packages_select_by_dep=None, packages_skip_by_dep=None, packages_skip_up_to=None, packages_select_build_failed=False, packages_skip_build_finished=False, packages_select_test_failures=False, packages_skip_test_passed=False, packages_select=['test_robot_controller'], packages_skip=None, packages_select_regex=None, packages_skip_regex=None, packages_start=None, packages_end=None, allow_overriding=[], cmake_args=None, cmake_target=None, cmake_target_skip_unavailable=False, cmake_clean_cache=False, cmake_clean_first=False, cmake_force_configure=False, ament_cmake_args=None, catkin_cmake_args=None, catkin_skip_building_tests=False, verb_parser=<colcon_defaults.argument_parser.defaults.DefaultArgumentsDecorator object at 0xffffbc6abfd0>, verb_extension=<colcon_core.verb.build.BuildVerb object at 0xffffbc6aba60>, main=<bound method BuildVerb.main of <colcon_core.verb.build.BuildVerb object at 0xffffbc6aba60>>)
[1.863s] Level 1:colcon.colcon_core.package_discovery:discover_packages(colcon_meta) check parameters
[1.863s] Level 1:colcon.colcon_core.package_discovery:discover_packages(recursive) check parameters
[1.864s] Level 1:colcon.colcon_core.package_discovery:discover_packages(ignore) check parameters
[1.864s] Level 1:colcon.colcon_core.package_discovery:discover_packages(path) check parameters
[1.864s] Level 1:colcon.colcon_core.package_discovery:discover_packages(colcon_meta) discover
[1.864s] Level 1:colcon.colcon_core.package_discovery:discover_packages(recursive) discover
[1.865s] INFO:colcon.colcon_core.package_discovery:Crawling recursively for packages in '/home/ubuntu/ros2_2dvision'
[1.865s] Level 1:colcon.colcon_core.package_identification:_identify(.) by extensions ['ignore', 'ignore_ament_install']
[1.866s] Level 1:colcon.colcon_core.package_identification:_identify(.) by extension 'ignore'
[1.866s] Level 1:colcon.colcon_core.package_identification:_identify(.) by extension 'ignore_ament_install'
[1.867s] Level 1:colcon.colcon_core.package_identification:_identify(.) by extensions ['colcon_pkg']
[1.867s] Level 1:colcon.colcon_core.package_identification:_identify(.) by extension 'colcon_pkg'
[1.867s] Level 1:colcon.colcon_core.package_identification:_identify(.) by extensions ['colcon_meta']
[1.867s] Level 1:colcon.colcon_core.package_identification:_identify(.) by extension 'colcon_meta'
[1.868s] Level 1:colcon.colcon_core.package_identification:_identify(.) by extensions ['ros']
[1.868s] Level 1:colcon.colcon_core.package_identification:_identify(.) by extension 'ros'
[1.920s] Level 1:colcon.colcon_core.package_identification:_identify(.) by extensions ['cmake', 'python']
[1.920s] Level 1:colcon.colcon_core.package_identification:_identify(.) by extension 'cmake'
[1.921s] Level 1:colcon.colcon_core.package_identification:_identify(.) by extension 'python'
[1.921s] Level 1:colcon.colcon_core.package_identification:_identify(.) by extensions ['python_setup_py']
[1.921s] Level 1:colcon.colcon_core.package_identification:_identify(.) by extension 'python_setup_py'
[1.922s] Level 1:colcon.colcon_core.package_identification:_identify(build) by extensions ['ignore', 'ignore_ament_install']
[1.922s] Level 1:colcon.colcon_core.package_identification:_identify(build) by extension 'ignore'
[1.923s] Level 1:colcon.colcon_core.package_identification:_identify(build) ignored
[1.924s] Level 1:colcon.colcon_core.package_identification:_identify(install) by extensions ['ignore', 'ignore_ament_install']
[1.924s] Level 1:colcon.colcon_core.package_identification:_identify(install) by extension 'ignore'
[1.925s] Level 1:colcon.colcon_core.package_identification:_identify(install) ignored
[1.926s] Level 1:colcon.colcon_core.package_identification:_identify(log) by extensions ['ignore', 'ignore_ament_install']
[1.926s] Level 1:colcon.colcon_core.package_identification:_identify(log) by extension 'ignore'
[1.926s] Level 1:colcon.colcon_core.package_identification:_identify(log) ignored
[1.927s] Level 1:colcon.colcon_core.package_identification:_identify(src) by extensions ['ignore', 'ignore_ament_install']
[1.927s] Level 1:colcon.colcon_core.package_identification:_identify(src) by extension 'ignore'
[1.928s] Level 1:colcon.colcon_core.package_identification:_identify(src) by extension 'ignore_ament_install'
[1.928s] Level 1:colcon.colcon_core.package_identification:_identify(src) by extensions ['colcon_pkg']
[1.928s] Level 1:colcon.colcon_core.package_identification:_identify(src) by extension 'colcon_pkg'
[1.929s] Level 1:colcon.colcon_core.package_identification:_identify(src) by extensions ['colcon_meta']
[1.929s] Level 1:colcon.colcon_core.package_identification:_identify(src) by extension 'colcon_meta'
[1.929s] Level 1:colcon.colcon_core.package_identification:_identify(src) by extensions ['ros']
[1.929s] Level 1:colcon.colcon_core.package_identification:_identify(src) by extension 'ros'
[1.930s] Level 1:colcon.colcon_core.package_identification:_identify(src) by extensions ['cmake', 'python']
[1.930s] Level 1:colcon.colcon_core.package_identification:_identify(src) by extension 'cmake'
[1.930s] Level 1:colcon.colcon_core.package_identification:_identify(src) by extension 'python'
[1.930s] Level 1:colcon.colcon_core.package_identification:_identify(src) by extensions ['python_setup_py']
[1.931s] Level 1:colcon.colcon_core.package_identification:_identify(src) by extension 'python_setup_py'
[1.931s] Level 1:colcon.colcon_core.package_identification:_identify(src/test_robot_controller) by extensions ['ignore', 'ignore_ament_install']
[1.932s] Level 1:colcon.colcon_core.package_identification:_identify(src/test_robot_controller) by extension 'ignore'
[1.932s] Level 1:colcon.colcon_core.package_identification:_identify(src/test_robot_controller) by extension 'ignore_ament_install'
[1.933s] Level 1:colcon.colcon_core.package_identification:_identify(src/test_robot_controller) by extensions ['colcon_pkg']
[1.933s] Level 1:colcon.colcon_core.package_identification:_identify(src/test_robot_controller) by extension 'colcon_pkg'
[1.933s] Level 1:colcon.colcon_core.package_identification:_identify(src/test_robot_controller) by extensions ['colcon_meta']
[1.933s] Level 1:colcon.colcon_core.package_identification:_identify(src/test_robot_controller) by extension 'colcon_meta'
[1.934s] Level 1:colcon.colcon_core.package_identification:_identify(src/test_robot_controller) by extensions ['ros']
[1.934s] Level 1:colcon.colcon_core.package_identification:_identify(src/test_robot_controller) by extension 'ros'
[1.943s] DEBUG:colcon.colcon_core.package_identification:Package 'src/test_robot_controller' with type 'ros.ament_python' and name 'test_robot_controller'
[1.944s] Level 1:colcon.colcon_core.package_discovery:discover_packages(recursive) using defaults
[1.944s] Level 1:colcon.colcon_core.package_discovery:discover_packages(ignore) discover
[1.944s] Level 1:colcon.colcon_core.package_discovery:discover_packages(ignore) using defaults
[1.944s] Level 1:colcon.colcon_core.package_discovery:discover_packages(path) discover
[1.945s] Level 1:colcon.colcon_core.package_discovery:discover_packages(path) using defaults
[2.042s] Level 1:colcon.colcon_core.package_discovery:discover_packages(prefix_path) check parameters
[2.042s] Level 1:colcon.colcon_core.package_discovery:discover_packages(prefix_path) discover
[2.059s] DEBUG:colcon.colcon_installed_package_information.package_discovery:Found 6 installed packages in /home/ubuntu/ros2_realsense/install
[2.064s] DEBUG:colcon.colcon_installed_package_information.package_discovery:Found 1 installed packages in /home/ubuntu/ros2_2dvision/install
[2.069s] DEBUG:colcon.colcon_installed_package_information.package_discovery:Found 8 installed packages in /home/ubuntu/ros2_ws/install
[2.083s] DEBUG:colcon.colcon_installed_package_information.package_discovery:Found 312 installed packages in /opt/ros/humble
[2.095s] Level 1:colcon.colcon_core.package_discovery:discover_packages(prefix_path) using defaults
[2.407s] Level 5:colcon.colcon_core.verb:set package 'test_robot_controller' build argument 'cmake_args' from command line to 'None'
[2.407s] Level 5:colcon.colcon_core.verb:set package 'test_robot_controller' build argument 'cmake_target' from command line to 'None'
[2.408s] Level 5:colcon.colcon_core.verb:set package 'test_robot_controller' build argument 'cmake_target_skip_unavailable' from command line to 'False'
[2.408s] Level 5:colcon.colcon_core.verb:set package 'test_robot_controller' build argument 'cmake_clean_cache' from command line to 'False'
[2.408s] Level 5:colcon.colcon_core.verb:set package 'test_robot_controller' build argument 'cmake_clean_first' from command line to 'False'
[2.408s] Level 5:colcon.colcon_core.verb:set package 'test_robot_controller' build argument 'cmake_force_configure' from command line to 'False'
[2.408s] Level 5:colcon.colcon_core.verb:set package 'test_robot_controller' build argument 'ament_cmake_args' from command line to 'None'
[2.408s] Level 5:colcon.colcon_core.verb:set package 'test_robot_controller' build argument 'catkin_cmake_args' from command line to 'None'
[2.408s] Level 5:colcon.colcon_core.verb:set package 'test_robot_controller' build argument 'catkin_skip_building_tests' from command line to 'False'
[2.409s] DEBUG:colcon.colcon_core.verb:Building package 'test_robot_controller' with the following arguments: {'ament_cmake_args': None, 'build_base': '/home/ubuntu/ros2_2dvision/build/test_robot_controller', 'catkin_cmake_args': None, 'catkin_skip_building_tests': False, 'cmake_args': None, 'cmake_clean_cache': False, 'cmake_clean_first': False, 'cmake_force_configure': False, 'cmake_target': None, 'cmake_target_skip_unavailable': False, 'install_base': '/home/ubuntu/ros2_2dvision/install/test_robot_controller', 'merge_install': False, 'path': '/home/ubuntu/ros2_2dvision/src/test_robot_controller', 'symlink_install': True, 'test_result_base': None}
[2.412s] INFO:colcon.colcon_core.executor:Executing jobs using 'parallel' executor
[2.427s] DEBUG:colcon.colcon_parallel_executor.executor.parallel:run_until_complete
[2.428s] INFO:colcon.colcon_ros.task.ament_python.build:Building ROS package in '/home/ubuntu/ros2_2dvision/src/test_robot_controller' with build type 'ament_python'
[2.430s] Level 1:colcon.colcon_core.shell:create_environment_hook('test_robot_controller', 'ament_prefix_path')
[2.450s] INFO:colcon.colcon_core.plugin_system:Skipping extension 'colcon_core.shell.bat': Not used on non-Windows systems
[2.451s] INFO:colcon.colcon_core.shell:Creating environment hook '/home/ubuntu/ros2_2dvision/install/test_robot_controller/share/test_robot_controller/hook/ament_prefix_path.ps1'
[2.454s] INFO:colcon.colcon_core.shell:Creating environment descriptor '/home/ubuntu/ros2_2dvision/install/test_robot_controller/share/test_robot_controller/hook/ament_prefix_path.dsv'
[2.457s] INFO:colcon.colcon_core.shell:Creating environment hook '/home/ubuntu/ros2_2dvision/install/test_robot_controller/share/test_robot_controller/hook/ament_prefix_path.sh'
[2.465s] INFO:colcon.colcon_core.shell:Skip shell extension 'powershell' for command environment: Not usable outside of PowerShell
[2.466s] DEBUG:colcon.colcon_core.shell:Skip shell extension 'dsv' for command environment
[3.994s] INFO:colcon.colcon_core.task.python.build:Building Python package in '/home/ubuntu/ros2_2dvision/src/test_robot_controller'
[4.000s] INFO:colcon.colcon_core.shell:Skip shell extension 'powershell' for command environment: Not usable outside of PowerShell
[4.000s] DEBUG:colcon.colcon_core.shell:Skip shell extension 'dsv' for command environment
[6.289s] DEBUG:colcon.colcon_core.task.python.build:While undoing a previous installation files outside the Python library path are being ignored: /home/ubuntu/ros2_2dvision/install/test_robot_controller/share/ament_index/resource_index/packages/test_robot_controller
[6.289s] DEBUG:colcon.colcon_core.task.python.build:While undoing a previous installation files outside the Python library path are being ignored: /home/ubuntu/ros2_2dvision/install/test_robot_controller/share/test_robot_controller/package.xml
[6.291s] DEBUG:colcon.colcon_core.task.python.build:While undoing a previous installation files outside the Python library path are being ignored: /home/ubuntu/ros2_2dvision/install/test_robot_controller/lib/test_robot_controller/cam_gs1
[6.291s] DEBUG:colcon.colcon_core.task.python.build:While undoing a previous installation files outside the Python library path are being ignored: /home/ubuntu/ros2_2dvision/install/test_robot_controller/lib/test_robot_controller/cam_loop
[6.292s] DEBUG:colcon.colcon_core.task.python.build:While undoing a previous installation files outside the Python library path are being ignored: /home/ubuntu/ros2_2dvision/install/test_robot_controller/lib/test_robot_controller/cam_merge
[6.292s] DEBUG:colcon.colcon_core.task.python.build:While undoing a previous installation files outside the Python library path are being ignored: /home/ubuntu/ros2_2dvision/install/test_robot_controller/lib/test_robot_controller/cam_obj_detect
[6.318s] DEBUG:colcon.colcon_core.event_handler.log_command:Invoking command in '/home/ubuntu/ros2_2dvision/build/test_robot_controller': PYTHONPATH=/home/ubuntu/ros2_2dvision/build/test_robot_controller/prefix_override:/home/ubuntu/ros2_2dvision/install/test_robot_controller/lib/python3.10/site-packages:${PYTHONPATH} /usr/bin/python3 setup.py develop --editable --build-directory /home/ubuntu/ros2_2dvision/build/test_robot_controller/build --no-deps install_data
[9.680s] Level 1:colcon.colcon_core.shell:create_environment_hook('test_robot_controller', 'pythonpath_develop')
[9.688s] INFO:colcon.colcon_core.shell:Creating environment hook '/home/ubuntu/ros2_2dvision/build/test_robot_controller/share/test_robot_controller/hook/pythonpath_develop.ps1'
[9.689s] DEBUG:colcon.colcon_core.event_handler.log_command:Invoked command in '/home/ubuntu/ros2_2dvision/build/test_robot_controller' returned '0': PYTHONPATH=/home/ubuntu/ros2_2dvision/build/test_robot_controller/prefix_override:/home/ubuntu/ros2_2dvision/install/test_robot_controller/lib/python3.10/site-packages:${PYTHONPATH} /usr/bin/python3 setup.py develop --editable --build-directory /home/ubuntu/ros2_2dvision/build/test_robot_controller/build --no-deps install_data
[9.694s] INFO:colcon.colcon_core.shell:Creating environment descriptor '/home/ubuntu/ros2_2dvision/build/test_robot_controller/share/test_robot_controller/hook/pythonpath_develop.dsv'
[9.697s] INFO:colcon.colcon_core.shell:Creating environment hook '/home/ubuntu/ros2_2dvision/build/test_robot_controller/share/test_robot_controller/hook/pythonpath_develop.sh'
[9.729s] Level 1:colcon.colcon_core.environment:checking '/home/ubuntu/ros2_2dvision/install/test_robot_controller' for CMake module files
[9.732s] Level 1:colcon.colcon_core.environment:checking '/home/ubuntu/ros2_2dvision/install/test_robot_controller' for CMake config files
[9.736s] Level 1:colcon.colcon_core.environment:checking '/home/ubuntu/ros2_2dvision/install/test_robot_controller/lib'
[9.737s] Level 1:colcon.colcon_core.environment:checking '/home/ubuntu/ros2_2dvision/install/test_robot_controller/bin'
[9.738s] Level 1:colcon.colcon_core.environment:checking '/home/ubuntu/ros2_2dvision/install/test_robot_controller/lib/pkgconfig/test_robot_controller.pc'
[9.739s] Level 1:colcon.colcon_core.environment:checking '/home/ubuntu/ros2_2dvision/install/test_robot_controller/lib/python3.10/site-packages'
[9.740s] Level 1:colcon.colcon_core.shell:create_environment_hook('test_robot_controller', 'pythonpath')
[9.747s] INFO:colcon.colcon_core.shell:Creating environment hook '/home/ubuntu/ros2_2dvision/install/test_robot_controller/share/test_robot_controller/hook/pythonpath.ps1'
[9.750s] INFO:colcon.colcon_core.shell:Creating environment descriptor '/home/ubuntu/ros2_2dvision/install/test_robot_controller/share/test_robot_controller/hook/pythonpath.dsv'
[9.753s] INFO:colcon.colcon_core.shell:Creating environment hook '/home/ubuntu/ros2_2dvision/install/test_robot_controller/share/test_robot_controller/hook/pythonpath.sh'
[9.759s] Level 1:colcon.colcon_core.environment:checking '/home/ubuntu/ros2_2dvision/install/test_robot_controller/bin'
[9.760s] Level 1:colcon.colcon_core.environment:create_environment_scripts_only(test_robot_controller)
[9.767s] INFO:colcon.colcon_core.shell:Creating package script '/home/ubuntu/ros2_2dvision/install/test_robot_controller/share/test_robot_controller/package.ps1'
[9.771s] INFO:colcon.colcon_core.shell:Creating package descriptor '/home/ubuntu/ros2_2dvision/install/test_robot_controller/share/test_robot_controller/package.dsv'
[9.776s] INFO:colcon.colcon_core.shell:Creating package script '/home/ubuntu/ros2_2dvision/install/test_robot_controller/share/test_robot_controller/package.sh'
[9.780s] INFO:colcon.colcon_core.shell:Creating package script '/home/ubuntu/ros2_2dvision/install/test_robot_controller/share/test_robot_controller/package.bash'
[9.784s] INFO:colcon.colcon_core.shell:Creating package script '/home/ubuntu/ros2_2dvision/install/test_robot_controller/share/test_robot_controller/package.zsh'
[9.788s] Level 1:colcon.colcon_core.environment:create_file_with_runtime_dependencies(/home/ubuntu/ros2_2dvision/install/test_robot_controller/share/colcon-core/packages/test_robot_controller)
[9.791s] DEBUG:colcon.colcon_parallel_executor.executor.parallel:closing loop
[9.792s] DEBUG:colcon.colcon_parallel_executor.executor.parallel:loop closed
[9.792s] DEBUG:colcon.colcon_parallel_executor.executor.parallel:run_until_complete finished with '0'
[9.794s] DEBUG:colcon.colcon_core.event_reactor:joining thread
[9.832s] INFO:colcon.colcon_core.plugin_system:Skipping extension 'colcon_notification.desktop_notification.terminal_notifier': Not used on non-Darwin systems
[9.832s] INFO:colcon.colcon_core.plugin_system:Skipping extension 'colcon_notification.desktop_notification.win32': Not used on non-Windows systems
[9.833s] INFO:colcon.colcon_notification.desktop_notification:Sending desktop notification using 'notify2'
[9.838s] DEBUG:colcon.colcon_notification.desktop_notification.notify2:Failed to initialize notify2: org.freedesktop.DBus.Error.ServiceUnknown: The name org.freedesktop.Notifications was not provided by any .service files
[9.839s] DEBUG:colcon.colcon_core.event_reactor:joined thread
[9.845s] INFO:colcon.colcon_core.shell:Creating prefix script '/home/ubuntu/ros2_2dvision/install/local_setup.ps1'
[9.850s] INFO:colcon.colcon_core.shell:Creating prefix util module '/home/ubuntu/ros2_2dvision/install/_local_setup_util_ps1.py'
[9.857s] INFO:colcon.colcon_core.shell:Creating prefix chain script '/home/ubuntu/ros2_2dvision/install/setup.ps1'
[9.868s] INFO:colcon.colcon_core.shell:Creating prefix script '/home/ubuntu/ros2_2dvision/install/local_setup.sh'
[9.871s] INFO:colcon.colcon_core.shell:Creating prefix util module '/home/ubuntu/ros2_2dvision/install/_local_setup_util_sh.py'
[9.874s] INFO:colcon.colcon_core.shell:Creating prefix chain script '/home/ubuntu/ros2_2dvision/install/setup.sh'
[9.885s] INFO:colcon.colcon_core.shell:Creating prefix script '/home/ubuntu/ros2_2dvision/install/local_setup.bash'
[9.888s] INFO:colcon.colcon_core.shell:Creating prefix chain script '/home/ubuntu/ros2_2dvision/install/setup.bash'
[9.899s] INFO:colcon.colcon_core.shell:Creating prefix script '/home/ubuntu/ros2_2dvision/install/local_setup.zsh'
[9.902s] INFO:colcon.colcon_core.shell:Creating prefix chain script '/home/ubuntu/ros2_2dvision/install/setup.zsh'
