[5.878s] DEBUG:colcon:Command line arguments: ['/usr/bin/colcon', 'build']
[5.879s] DEBUG:colcon:Parsed command line arguments: Namespace(log_base=None, log_level=None, verb_name='build', build_base='build', install_base='install', merge_install=False, symlink_install=False, test_result_base=None, continue_on_error=False, executor='parallel', parallel_workers=4, event_handlers=None, ignore_user_meta=False, metas=['./colcon.meta'], base_paths=['.'], packages_ignore=None, packages_ignore_regex=None, paths=None, packages_up_to=None, packages_up_to_regex=None, packages_above=None, packages_above_and_dependencies=None, packages_above_depth=None, packages_select_by_dep=None, packages_skip_by_dep=None, packages_skip_up_to=None, packages_select_build_failed=False, packages_skip_build_finished=False, packages_select_test_failures=False, packages_skip_test_passed=False, packages_select=None, packages_skip=None, packages_select_regex=None, packages_skip_regex=None, packages_start=None, packages_end=None, allow_overriding=[], cmake_args=None, cmake_target=None, cmake_target_skip_unavailable=False, cmake_clean_cache=False, cmake_clean_first=False, cmake_force_configure=False, ament_cmake_args=None, catkin_cmake_args=None, catkin_skip_building_tests=False, verb_parser=<colcon_defaults.argument_parser.defaults.DefaultArgumentsDecorator object at 0xffffb5b6be20>, verb_extension=<colcon_core.verb.build.BuildVerb object at 0xffffb5b6b8b0>, main=<bound method BuildVerb.main of <colcon_core.verb.build.BuildVerb object at 0xffffb5b6b8b0>>)
[6.173s] Level 1:colcon.colcon_core.package_discovery:discover_packages(colcon_meta) check parameters
[6.173s] Level 1:colcon.colcon_core.package_discovery:discover_packages(recursive) check parameters
[6.174s] Level 1:colcon.colcon_core.package_discovery:discover_packages(ignore) check parameters
[6.174s] Level 1:colcon.colcon_core.package_discovery:discover_packages(path) check parameters
[6.174s] Level 1:colcon.colcon_core.package_discovery:discover_packages(colcon_meta) discover
[6.174s] Level 1:colcon.colcon_core.package_discovery:discover_packages(recursive) discover
[6.175s] INFO:colcon.colcon_core.package_discovery:Crawling recursively for packages in '/home/ubuntu/ros2_2dvision'
[6.176s] Level 1:colcon.colcon_core.package_identification:_identify(.) by extensions ['ignore', 'ignore_ament_install']
[6.176s] Level 1:colcon.colcon_core.package_identification:_identify(.) by extension 'ignore'
[6.177s] Level 1:colcon.colcon_core.package_identification:_identify(.) by extension 'ignore_ament_install'
[6.178s] Level 1:colcon.colcon_core.package_identification:_identify(.) by extensions ['colcon_pkg']
[6.178s] Level 1:colcon.colcon_core.package_identification:_identify(.) by extension 'colcon_pkg'
[6.179s] Level 1:colcon.colcon_core.package_identification:_identify(.) by extensions ['colcon_meta']
[6.179s] Level 1:colcon.colcon_core.package_identification:_identify(.) by extension 'colcon_meta'
[6.179s] Level 1:colcon.colcon_core.package_identification:_identify(.) by extensions ['ros']
[6.180s] Level 1:colcon.colcon_core.package_identification:_identify(.) by extension 'ros'
[6.381s] Level 1:colcon.colcon_core.package_identification:_identify(.) by extensions ['cmake', 'python']
[6.381s] Level 1:colcon.colcon_core.package_identification:_identify(.) by extension 'cmake'
[6.382s] Level 1:colcon.colcon_core.package_identification:_identify(.) by extension 'python'
[6.382s] Level 1:colcon.colcon_core.package_identification:_identify(.) by extensions ['python_setup_py']
[6.382s] Level 1:colcon.colcon_core.package_identification:_identify(.) by extension 'python_setup_py'
[6.383s] Level 1:colcon.colcon_core.package_identification:_identify(build) by extensions ['ignore', 'ignore_ament_install']
[6.383s] Level 1:colcon.colcon_core.package_identification:_identify(build) by extension 'ignore'
[6.390s] Level 1:colcon.colcon_core.package_identification:_identify(build) ignored
[6.391s] Level 1:colcon.colcon_core.package_identification:_identify(install) by extensions ['ignore', 'ignore_ament_install']
[6.391s] Level 1:colcon.colcon_core.package_identification:_identify(install) by extension 'ignore'
[6.392s] Level 1:colcon.colcon_core.package_identification:_identify(install) ignored
[6.393s] Level 1:colcon.colcon_core.package_identification:_identify(log) by extensions ['ignore', 'ignore_ament_install']
[6.397s] Level 1:colcon.colcon_core.package_identification:_identify(log) by extension 'ignore'
[6.398s] Level 1:colcon.colcon_core.package_identification:_identify(log) ignored
[6.398s] Level 1:colcon.colcon_core.package_identification:_identify(src) by extensions ['ignore', 'ignore_ament_install']
[6.399s] Level 1:colcon.colcon_core.package_identification:_identify(src) by extension 'ignore'
[6.399s] Level 1:colcon.colcon_core.package_identification:_identify(src) by extension 'ignore_ament_install'
[6.400s] Level 1:colcon.colcon_core.package_identification:_identify(src) by extensions ['colcon_pkg']
[6.400s] Level 1:colcon.colcon_core.package_identification:_identify(src) by extension 'colcon_pkg'
[6.401s] Level 1:colcon.colcon_core.package_identification:_identify(src) by extensions ['colcon_meta']
[6.401s] Level 1:colcon.colcon_core.package_identification:_identify(src) by extension 'colcon_meta'
[6.401s] Level 1:colcon.colcon_core.package_identification:_identify(src) by extensions ['ros']
[6.401s] Level 1:colcon.colcon_core.package_identification:_identify(src) by extension 'ros'
[6.410s] Level 1:colcon.colcon_core.package_identification:_identify(src) by extensions ['cmake', 'python']
[6.411s] Level 1:colcon.colcon_core.package_identification:_identify(src) by extension 'cmake'
[6.411s] Level 1:colcon.colcon_core.package_identification:_identify(src) by extension 'python'
[6.412s] Level 1:colcon.colcon_core.package_identification:_identify(src) by extensions ['python_setup_py']
[6.412s] Level 1:colcon.colcon_core.package_identification:_identify(src) by extension 'python_setup_py'
[6.413s] Level 1:colcon.colcon_core.package_identification:_identify(src/test_robot_controller) by extensions ['ignore', 'ignore_ament_install']
[6.414s] Level 1:colcon.colcon_core.package_identification:_identify(src/test_robot_controller) by extension 'ignore'
[6.414s] Level 1:colcon.colcon_core.package_identification:_identify(src/test_robot_controller) by extension 'ignore_ament_install'
[6.418s] Level 1:colcon.colcon_core.package_identification:_identify(src/test_robot_controller) by extensions ['colcon_pkg']
[6.418s] Level 1:colcon.colcon_core.package_identification:_identify(src/test_robot_controller) by extension 'colcon_pkg'
[6.419s] Level 1:colcon.colcon_core.package_identification:_identify(src/test_robot_controller) by extensions ['colcon_meta']
[6.419s] Level 1:colcon.colcon_core.package_identification:_identify(src/test_robot_controller) by extension 'colcon_meta'
[6.419s] Level 1:colcon.colcon_core.package_identification:_identify(src/test_robot_controller) by extensions ['ros']
[6.419s] Level 1:colcon.colcon_core.package_identification:_identify(src/test_robot_controller) by extension 'ros'
[6.466s] DEBUG:colcon.colcon_core.package_identification:Package 'src/test_robot_controller' with type 'ros.ament_python' and name 'test_robot_controller'
[6.466s] Level 1:colcon.colcon_core.package_discovery:discover_packages(recursive) using defaults
[6.466s] Level 1:colcon.colcon_core.package_discovery:discover_packages(ignore) discover
[6.466s] Level 1:colcon.colcon_core.package_discovery:discover_packages(ignore) using defaults
[6.467s] Level 1:colcon.colcon_core.package_discovery:discover_packages(path) discover
[6.467s] Level 1:colcon.colcon_core.package_discovery:discover_packages(path) using defaults
[6.818s] Level 1:colcon.colcon_core.package_discovery:discover_packages(prefix_path) check parameters
[6.818s] Level 1:colcon.colcon_core.package_discovery:discover_packages(prefix_path) discover
[6.890s] DEBUG:colcon.colcon_installed_package_information.package_discovery:Found 6 installed packages in /home/ubuntu/ros2_realsense/install
[6.896s] DEBUG:colcon.colcon_installed_package_information.package_discovery:Found 1 installed packages in /home/ubuntu/ros2_2dvision/install
[6.907s] DEBUG:colcon.colcon_installed_package_information.package_discovery:Found 8 installed packages in /home/ubuntu/ros2_ws/install
[6.961s] DEBUG:colcon.colcon_installed_package_information.package_discovery:Found 312 installed packages in /opt/ros/humble
[6.988s] Level 1:colcon.colcon_core.package_discovery:discover_packages(prefix_path) using defaults
[8.102s] Level 5:colcon.colcon_core.verb:set package 'test_robot_controller' build argument 'cmake_args' from command line to 'None'
[8.102s] Level 5:colcon.colcon_core.verb:set package 'test_robot_controller' build argument 'cmake_target' from command line to 'None'
[8.103s] Level 5:colcon.colcon_core.verb:set package 'test_robot_controller' build argument 'cmake_target_skip_unavailable' from command line to 'False'
[8.103s] Level 5:colcon.colcon_core.verb:set package 'test_robot_controller' build argument 'cmake_clean_cache' from command line to 'False'
[8.103s] Level 5:colcon.colcon_core.verb:set package 'test_robot_controller' build argument 'cmake_clean_first' from command line to 'False'
[8.103s] Level 5:colcon.colcon_core.verb:set package 'test_robot_controller' build argument 'cmake_force_configure' from command line to 'False'
[8.103s] Level 5:colcon.colcon_core.verb:set package 'test_robot_controller' build argument 'ament_cmake_args' from command line to 'None'
[8.104s] Level 5:colcon.colcon_core.verb:set package 'test_robot_controller' build argument 'catkin_cmake_args' from command line to 'None'
[8.104s] Level 5:colcon.colcon_core.verb:set package 'test_robot_controller' build argument 'catkin_skip_building_tests' from command line to 'False'
[8.104s] DEBUG:colcon.colcon_core.verb:Building package 'test_robot_controller' with the following arguments: {'ament_cmake_args': None, 'build_base': '/home/ubuntu/ros2_2dvision/build/test_robot_controller', 'catkin_cmake_args': None, 'catkin_skip_building_tests': False, 'cmake_args': None, 'cmake_clean_cache': False, 'cmake_clean_first': False, 'cmake_force_configure': False, 'cmake_target': None, 'cmake_target_skip_unavailable': False, 'install_base': '/home/ubuntu/ros2_2dvision/install/test_robot_controller', 'merge_install': False, 'path': '/home/ubuntu/ros2_2dvision/src/test_robot_controller', 'symlink_install': False, 'test_result_base': None}
[8.115s] INFO:colcon.colcon_core.executor:Executing jobs using 'parallel' executor
[8.135s] DEBUG:colcon.colcon_parallel_executor.executor.parallel:run_until_complete
[8.136s] INFO:colcon.colcon_ros.task.ament_python.build:Building ROS package in '/home/ubuntu/ros2_2dvision/src/test_robot_controller' with build type 'ament_python'
[8.136s] Level 1:colcon.colcon_core.shell:create_environment_hook('test_robot_controller', 'ament_prefix_path')
[8.197s] INFO:colcon.colcon_core.plugin_system:Skipping extension 'colcon_core.shell.bat': Not used on non-Windows systems
[8.198s] INFO:colcon.colcon_core.shell:Creating environment hook '/home/ubuntu/ros2_2dvision/install/test_robot_controller/share/test_robot_controller/hook/ament_prefix_path.ps1'
[8.202s] INFO:colcon.colcon_core.shell:Creating environment descriptor '/home/ubuntu/ros2_2dvision/install/test_robot_controller/share/test_robot_controller/hook/ament_prefix_path.dsv'
[8.216s] INFO:colcon.colcon_core.shell:Creating environment hook '/home/ubuntu/ros2_2dvision/install/test_robot_controller/share/test_robot_controller/hook/ament_prefix_path.sh'
[8.231s] INFO:colcon.colcon_core.shell:Skip shell extension 'powershell' for command environment: Not usable outside of PowerShell
[8.232s] DEBUG:colcon.colcon_core.shell:Skip shell extension 'dsv' for command environment
[11.835s] INFO:colcon.colcon_core.task.python.build:Building Python package in '/home/ubuntu/ros2_2dvision/src/test_robot_controller'
[11.843s] INFO:colcon.colcon_core.shell:Skip shell extension 'powershell' for command environment: Not usable outside of PowerShell
[11.844s] DEBUG:colcon.colcon_core.shell:Skip shell extension 'dsv' for command environment
[18.445s] DEBUG:colcon.colcon_core.event_handler.log_command:Invoking command in '/home/ubuntu/ros2_2dvision/build/test_robot_controller': PYTHONPATH=/home/ubuntu/ros2_2dvision/build/test_robot_controller/prefix_override:/home/ubuntu/ros2_2dvision/install/test_robot_controller/lib/python3.10/site-packages:${PYTHONPATH} /usr/bin/python3 setup.py develop --uninstall --editable --build-directory /home/ubuntu/ros2_2dvision/build/test_robot_controller/build
[25.239s] DEBUG:colcon.colcon_core.event_handler.log_command:Invoked command in '/home/ubuntu/ros2_2dvision/build/test_robot_controller' returned '0': PYTHONPATH=/home/ubuntu/ros2_2dvision/build/test_robot_controller/prefix_override:/home/ubuntu/ros2_2dvision/install/test_robot_controller/lib/python3.10/site-packages:${PYTHONPATH} /usr/bin/python3 setup.py develop --uninstall --editable --build-directory /home/ubuntu/ros2_2dvision/build/test_robot_controller/build
[25.243s] DEBUG:colcon.colcon_core.event_handler.log_command:Invoking command in '/home/ubuntu/ros2_2dvision/src/test_robot_controller': PYTHONPATH=/home/ubuntu/ros2_2dvision/build/test_robot_controller/prefix_override:/home/ubuntu/ros2_2dvision/install/test_robot_controller/lib/python3.10/site-packages:${PYTHONPATH} /usr/bin/python3 setup.py egg_info --egg-base ../../build/test_robot_controller build --build-base /home/ubuntu/ros2_2dvision/build/test_robot_controller/build install --record /home/ubuntu/ros2_2dvision/build/test_robot_controller/install.log --single-version-externally-managed
[29.271s] DEBUG:colcon.colcon_core.event_handler.log_command:Invoked command in '/home/ubuntu/ros2_2dvision/src/test_robot_controller' returned '0': PYTHONPATH=/home/ubuntu/ros2_2dvision/build/test_robot_controller/prefix_override:/home/ubuntu/ros2_2dvision/install/test_robot_controller/lib/python3.10/site-packages:${PYTHONPATH} /usr/bin/python3 setup.py egg_info --egg-base ../../build/test_robot_controller build --build-base /home/ubuntu/ros2_2dvision/build/test_robot_controller/build install --record /home/ubuntu/ros2_2dvision/build/test_robot_controller/install.log --single-version-externally-managed
[29.346s] Level 1:colcon.colcon_core.environment:checking '/home/ubuntu/ros2_2dvision/install/test_robot_controller' for CMake module files
[29.350s] Level 1:colcon.colcon_core.environment:checking '/home/ubuntu/ros2_2dvision/install/test_robot_controller' for CMake config files
[29.358s] Level 1:colcon.colcon_core.environment:checking '/home/ubuntu/ros2_2dvision/install/test_robot_controller/lib'
[29.359s] Level 1:colcon.colcon_core.environment:checking '/home/ubuntu/ros2_2dvision/install/test_robot_controller/bin'
[29.360s] Level 1:colcon.colcon_core.environment:checking '/home/ubuntu/ros2_2dvision/install/test_robot_controller/lib/pkgconfig/test_robot_controller.pc'
[29.361s] Level 1:colcon.colcon_core.environment:checking '/home/ubuntu/ros2_2dvision/install/test_robot_controller/lib/python3.10/site-packages'
[29.362s] Level 1:colcon.colcon_core.shell:create_environment_hook('test_robot_controller', 'pythonpath')
[29.371s] INFO:colcon.colcon_core.shell:Creating environment hook '/home/ubuntu/ros2_2dvision/install/test_robot_controller/share/test_robot_controller/hook/pythonpath.ps1'
[29.374s] INFO:colcon.colcon_core.shell:Creating environment descriptor '/home/ubuntu/ros2_2dvision/install/test_robot_controller/share/test_robot_controller/hook/pythonpath.dsv'
[29.385s] INFO:colcon.colcon_core.shell:Creating environment hook '/home/ubuntu/ros2_2dvision/install/test_robot_controller/share/test_robot_controller/hook/pythonpath.sh'
[29.390s] Level 1:colcon.colcon_core.environment:checking '/home/ubuntu/ros2_2dvision/install/test_robot_controller/bin'
[29.391s] Level 1:colcon.colcon_core.environment:create_environment_scripts_only(test_robot_controller)
[29.412s] INFO:colcon.colcon_core.shell:Creating package script '/home/ubuntu/ros2_2dvision/install/test_robot_controller/share/test_robot_controller/package.ps1'
[29.419s] INFO:colcon.colcon_core.shell:Creating package descriptor '/home/ubuntu/ros2_2dvision/install/test_robot_controller/share/test_robot_controller/package.dsv'
[29.440s] INFO:colcon.colcon_core.shell:Creating package script '/home/ubuntu/ros2_2dvision/install/test_robot_controller/share/test_robot_controller/package.sh'
[29.448s] INFO:colcon.colcon_core.shell:Creating package script '/home/ubuntu/ros2_2dvision/install/test_robot_controller/share/test_robot_controller/package.bash'
[29.459s] INFO:colcon.colcon_core.shell:Creating package script '/home/ubuntu/ros2_2dvision/install/test_robot_controller/share/test_robot_controller/package.zsh'
[29.474s] Level 1:colcon.colcon_core.environment:create_file_with_runtime_dependencies(/home/ubuntu/ros2_2dvision/install/test_robot_controller/share/colcon-core/packages/test_robot_controller)
[29.481s] DEBUG:colcon.colcon_parallel_executor.executor.parallel:closing loop
[29.486s] DEBUG:colcon.colcon_parallel_executor.executor.parallel:loop closed
[29.486s] DEBUG:colcon.colcon_parallel_executor.executor.parallel:run_until_complete finished with '0'
[29.487s] DEBUG:colcon.colcon_core.event_reactor:joining thread
[29.567s] INFO:colcon.colcon_core.plugin_system:Skipping extension 'colcon_notification.desktop_notification.terminal_notifier': Not used on non-Darwin systems
[29.568s] INFO:colcon.colcon_core.plugin_system:Skipping extension 'colcon_notification.desktop_notification.win32': Not used on non-Windows systems
[29.568s] INFO:colcon.colcon_notification.desktop_notification:Sending desktop notification using 'notify2'
[29.586s] DEBUG:colcon.colcon_notification.desktop_notification.notify2:Failed to initialize notify2: org.freedesktop.DBus.Error.ServiceUnknown: The name org.freedesktop.Notifications was not provided by any .service files
[29.587s] DEBUG:colcon.colcon_core.event_reactor:joined thread
[29.597s] INFO:colcon.colcon_core.shell:Creating prefix script '/home/ubuntu/ros2_2dvision/install/local_setup.ps1'
[29.614s] INFO:colcon.colcon_core.shell:Creating prefix util module '/home/ubuntu/ros2_2dvision/install/_local_setup_util_ps1.py'
[29.627s] INFO:colcon.colcon_core.shell:Creating prefix chain script '/home/ubuntu/ros2_2dvision/install/setup.ps1'
[29.648s] INFO:colcon.colcon_core.shell:Creating prefix script '/home/ubuntu/ros2_2dvision/install/local_setup.sh'
[29.659s] INFO:colcon.colcon_core.shell:Creating prefix util module '/home/ubuntu/ros2_2dvision/install/_local_setup_util_sh.py'
[29.663s] INFO:colcon.colcon_core.shell:Creating prefix chain script '/home/ubuntu/ros2_2dvision/install/setup.sh'
[29.694s] INFO:colcon.colcon_core.shell:Creating prefix script '/home/ubuntu/ros2_2dvision/install/local_setup.bash'
[29.700s] INFO:colcon.colcon_core.shell:Creating prefix chain script '/home/ubuntu/ros2_2dvision/install/setup.bash'
[29.729s] INFO:colcon.colcon_core.shell:Creating prefix script '/home/ubuntu/ros2_2dvision/install/local_setup.zsh'
[29.734s] INFO:colcon.colcon_core.shell:Creating prefix chain script '/home/ubuntu/ros2_2dvision/install/setup.zsh'
