[1.648s] DEBUG:colcon:Command line arguments: ['/usr/bin/colcon', 'build']
[1.649s] DEBUG:colcon:Parsed command line arguments: Namespace(log_base=None, log_level=None, verb_name='build', build_base='build', install_base='install', merge_install=False, symlink_install=False, test_result_base=None, continue_on_error=False, executor='parallel', parallel_workers=4, event_handlers=None, ignore_user_meta=False, metas=['./colcon.meta'], base_paths=['.'], packages_ignore=None, packages_ignore_regex=None, paths=None, packages_up_to=None, packages_up_to_regex=None, packages_above=None, packages_above_and_dependencies=None, packages_above_depth=None, packages_select_by_dep=None, packages_skip_by_dep=None, packages_skip_up_to=None, packages_select_build_failed=False, packages_skip_build_finished=False, packages_select_test_failures=False, packages_skip_test_passed=False, packages_select=None, packages_skip=None, packages_select_regex=None, packages_skip_regex=None, packages_start=None, packages_end=None, allow_overriding=[], cmake_args=None, cmake_target=None, cmake_target_skip_unavailable=False, cmake_clean_cache=False, cmake_clean_first=False, cmake_force_configure=False, ament_cmake_args=None, catkin_cmake_args=None, catkin_skip_building_tests=False, verb_parser=<colcon_defaults.argument_parser.defaults.DefaultArgumentsDecorator object at 0xffff94edf2e0>, verb_extension=<colcon_core.verb.build.BuildVerb object at 0xffff94f4d870>, main=<bound method BuildVerb.main of <colcon_core.verb.build.BuildVerb object at 0xffff94f4d870>>)
[1.765s] Level 1:colcon.colcon_core.package_discovery:discover_packages(colcon_meta) check parameters
[1.766s] Level 1:colcon.colcon_core.package_discovery:discover_packages(recursive) check parameters
[1.767s] Level 1:colcon.colcon_core.package_discovery:discover_packages(ignore) check parameters
[1.767s] Level 1:colcon.colcon_core.package_discovery:discover_packages(path) check parameters
[1.767s] Level 1:colcon.colcon_core.package_discovery:discover_packages(colcon_meta) discover
[1.768s] Level 1:colcon.colcon_core.package_discovery:discover_packages(recursive) discover
[1.769s] INFO:colcon.colcon_core.package_discovery:Crawling recursively for packages in '/home/ubuntu/ros2_2dvision'
[1.769s] Level 1:colcon.colcon_core.package_identification:_identify(.) by extensions ['ignore', 'ignore_ament_install']
[1.770s] Level 1:colcon.colcon_core.package_identification:_identify(.) by extension 'ignore'
[1.771s] Level 1:colcon.colcon_core.package_identification:_identify(.) by extension 'ignore_ament_install'
[1.771s] Level 1:colcon.colcon_core.package_identification:_identify(.) by extensions ['colcon_pkg']
[1.772s] Level 1:colcon.colcon_core.package_identification:_identify(.) by extension 'colcon_pkg'
[1.772s] Level 1:colcon.colcon_core.package_identification:_identify(.) by extensions ['colcon_meta']
[1.773s] Level 1:colcon.colcon_core.package_identification:_identify(.) by extension 'colcon_meta'
[1.773s] Level 1:colcon.colcon_core.package_identification:_identify(.) by extensions ['ros']
[1.773s] Level 1:colcon.colcon_core.package_identification:_identify(.) by extension 'ros'
[1.834s] Level 1:colcon.colcon_core.package_identification:_identify(.) by extensions ['cmake', 'python']
[1.835s] Level 1:colcon.colcon_core.package_identification:_identify(.) by extension 'cmake'
[1.836s] Level 1:colcon.colcon_core.package_identification:_identify(.) by extension 'python'
[1.837s] Level 1:colcon.colcon_core.package_identification:_identify(.) by extensions ['python_setup_py']
[1.838s] Level 1:colcon.colcon_core.package_identification:_identify(.) by extension 'python_setup_py'
[1.840s] Level 1:colcon.colcon_core.package_identification:_identify(build) by extensions ['ignore', 'ignore_ament_install']
[1.841s] Level 1:colcon.colcon_core.package_identification:_identify(build) by extension 'ignore'
[1.841s] Level 1:colcon.colcon_core.package_identification:_identify(build) ignored
[1.843s] Level 1:colcon.colcon_core.package_identification:_identify(install) by extensions ['ignore', 'ignore_ament_install']
[1.844s] Level 1:colcon.colcon_core.package_identification:_identify(install) by extension 'ignore'
[1.845s] Level 1:colcon.colcon_core.package_identification:_identify(install) ignored
[1.846s] Level 1:colcon.colcon_core.package_identification:_identify(log) by extensions ['ignore', 'ignore_ament_install']
[1.847s] Level 1:colcon.colcon_core.package_identification:_identify(log) by extension 'ignore'
[1.848s] Level 1:colcon.colcon_core.package_identification:_identify(log) ignored
[1.849s] Level 1:colcon.colcon_core.package_identification:_identify(src) by extensions ['ignore', 'ignore_ament_install']
[1.849s] Level 1:colcon.colcon_core.package_identification:_identify(src) by extension 'ignore'
[1.850s] Level 1:colcon.colcon_core.package_identification:_identify(src) by extension 'ignore_ament_install'
[1.851s] Level 1:colcon.colcon_core.package_identification:_identify(src) by extensions ['colcon_pkg']
[1.851s] Level 1:colcon.colcon_core.package_identification:_identify(src) by extension 'colcon_pkg'
[1.852s] Level 1:colcon.colcon_core.package_identification:_identify(src) by extensions ['colcon_meta']
[1.852s] Level 1:colcon.colcon_core.package_identification:_identify(src) by extension 'colcon_meta'
[1.853s] Level 1:colcon.colcon_core.package_identification:_identify(src) by extensions ['ros']
[1.853s] Level 1:colcon.colcon_core.package_identification:_identify(src) by extension 'ros'
[1.854s] Level 1:colcon.colcon_core.package_identification:_identify(src) by extensions ['cmake', 'python']
[1.854s] Level 1:colcon.colcon_core.package_identification:_identify(src) by extension 'cmake'
[1.855s] Level 1:colcon.colcon_core.package_identification:_identify(src) by extension 'python'
[1.855s] Level 1:colcon.colcon_core.package_identification:_identify(src) by extensions ['python_setup_py']
[1.856s] Level 1:colcon.colcon_core.package_identification:_identify(src) by extension 'python_setup_py'
[1.857s] Level 1:colcon.colcon_core.package_identification:_identify(src/test_robot_controller) by extensions ['ignore', 'ignore_ament_install']
[1.858s] Level 1:colcon.colcon_core.package_identification:_identify(src/test_robot_controller) by extension 'ignore'
[1.858s] Level 1:colcon.colcon_core.package_identification:_identify(src/test_robot_controller) by extension 'ignore_ament_install'
[1.859s] Level 1:colcon.colcon_core.package_identification:_identify(src/test_robot_controller) by extensions ['colcon_pkg']
[1.859s] Level 1:colcon.colcon_core.package_identification:_identify(src/test_robot_controller) by extension 'colcon_pkg'
[1.860s] Level 1:colcon.colcon_core.package_identification:_identify(src/test_robot_controller) by extensions ['colcon_meta']
[1.860s] Level 1:colcon.colcon_core.package_identification:_identify(src/test_robot_controller) by extension 'colcon_meta'
[1.861s] Level 1:colcon.colcon_core.package_identification:_identify(src/test_robot_controller) by extensions ['ros']
[1.861s] Level 1:colcon.colcon_core.package_identification:_identify(src/test_robot_controller) by extension 'ros'
[1.872s] DEBUG:colcon.colcon_core.package_identification:Package 'src/test_robot_controller' with type 'ros.ament_python' and name 'test_robot_controller'
[1.873s] Level 1:colcon.colcon_core.package_discovery:discover_packages(recursive) using defaults
[1.873s] Level 1:colcon.colcon_core.package_discovery:discover_packages(ignore) discover
[1.874s] Level 1:colcon.colcon_core.package_discovery:discover_packages(ignore) using defaults
[1.874s] Level 1:colcon.colcon_core.package_discovery:discover_packages(path) discover
[1.874s] Level 1:colcon.colcon_core.package_discovery:discover_packages(path) using defaults
[1.980s] Level 1:colcon.colcon_core.package_discovery:discover_packages(prefix_path) check parameters
[1.980s] Level 1:colcon.colcon_core.package_discovery:discover_packages(prefix_path) discover
[1.995s] DEBUG:colcon.colcon_installed_package_information.package_discovery:Found 0 installed packages in /home/ubuntu/ros2_realsense/install
[2.000s] DEBUG:colcon.colcon_installed_package_information.package_discovery:Found 8 installed packages in /home/ubuntu/ros2_ws/install
[2.006s] DEBUG:colcon.colcon_installed_package_information.package_discovery:Found 1 installed packages in /home/ubuntu/ros2_2dvision/install
[2.018s] DEBUG:colcon.colcon_installed_package_information.package_discovery:Found 312 installed packages in /opt/ros/humble
[2.026s] Level 1:colcon.colcon_core.package_discovery:discover_packages(prefix_path) using defaults
[2.313s] Level 5:colcon.colcon_core.verb:set package 'test_robot_controller' build argument 'cmake_args' from command line to 'None'
[2.313s] Level 5:colcon.colcon_core.verb:set package 'test_robot_controller' build argument 'cmake_target' from command line to 'None'
[2.313s] Level 5:colcon.colcon_core.verb:set package 'test_robot_controller' build argument 'cmake_target_skip_unavailable' from command line to 'False'
[2.314s] Level 5:colcon.colcon_core.verb:set package 'test_robot_controller' build argument 'cmake_clean_cache' from command line to 'False'
[2.314s] Level 5:colcon.colcon_core.verb:set package 'test_robot_controller' build argument 'cmake_clean_first' from command line to 'False'
[2.314s] Level 5:colcon.colcon_core.verb:set package 'test_robot_controller' build argument 'cmake_force_configure' from command line to 'False'
[2.314s] Level 5:colcon.colcon_core.verb:set package 'test_robot_controller' build argument 'ament_cmake_args' from command line to 'None'
[2.314s] Level 5:colcon.colcon_core.verb:set package 'test_robot_controller' build argument 'catkin_cmake_args' from command line to 'None'
[2.314s] Level 5:colcon.colcon_core.verb:set package 'test_robot_controller' build argument 'catkin_skip_building_tests' from command line to 'False'
[2.315s] DEBUG:colcon.colcon_core.verb:Building package 'test_robot_controller' with the following arguments: {'ament_cmake_args': None, 'build_base': '/home/ubuntu/ros2_2dvision/build/test_robot_controller', 'catkin_cmake_args': None, 'catkin_skip_building_tests': False, 'cmake_args': None, 'cmake_clean_cache': False, 'cmake_clean_first': False, 'cmake_force_configure': False, 'cmake_target': None, 'cmake_target_skip_unavailable': False, 'install_base': '/home/ubuntu/ros2_2dvision/install/test_robot_controller', 'merge_install': False, 'path': '/home/ubuntu/ros2_2dvision/src/test_robot_controller', 'symlink_install': False, 'test_result_base': None}
[2.318s] INFO:colcon.colcon_core.executor:Executing jobs using 'parallel' executor
[2.331s] DEBUG:colcon.colcon_parallel_executor.executor.parallel:run_until_complete
[2.332s] INFO:colcon.colcon_ros.task.ament_python.build:Building ROS package in '/home/ubuntu/ros2_2dvision/src/test_robot_controller' with build type 'ament_python'
[2.333s] Level 1:colcon.colcon_core.shell:create_environment_hook('test_robot_controller', 'ament_prefix_path')
[2.352s] INFO:colcon.colcon_core.plugin_system:Skipping extension 'colcon_core.shell.bat': Not used on non-Windows systems
[2.353s] INFO:colcon.colcon_core.shell:Creating environment hook '/home/ubuntu/ros2_2dvision/install/test_robot_controller/share/test_robot_controller/hook/ament_prefix_path.ps1'
[2.356s] INFO:colcon.colcon_core.shell:Creating environment descriptor '/home/ubuntu/ros2_2dvision/install/test_robot_controller/share/test_robot_controller/hook/ament_prefix_path.dsv'
[2.359s] INFO:colcon.colcon_core.shell:Creating environment hook '/home/ubuntu/ros2_2dvision/install/test_robot_controller/share/test_robot_controller/hook/ament_prefix_path.sh'
[2.367s] INFO:colcon.colcon_core.shell:Skip shell extension 'powershell' for command environment: Not usable outside of PowerShell
[2.368s] DEBUG:colcon.colcon_core.shell:Skip shell extension 'dsv' for command environment
[3.927s] INFO:colcon.colcon_core.task.python.build:Building Python package in '/home/ubuntu/ros2_2dvision/src/test_robot_controller'
[3.933s] INFO:colcon.colcon_core.shell:Skip shell extension 'powershell' for command environment: Not usable outside of PowerShell
[3.933s] DEBUG:colcon.colcon_core.shell:Skip shell extension 'dsv' for command environment
[6.255s] DEBUG:colcon.colcon_core.event_handler.log_command:Invoking command in '/home/ubuntu/ros2_2dvision/build/test_robot_controller': PYTHONPATH=/home/ubuntu/ros2_2dvision/build/test_robot_controller/prefix_override:/home/ubuntu/ros2_2dvision/install/test_robot_controller/lib/python3.10/site-packages:${PYTHONPATH} /usr/bin/python3 setup.py develop --uninstall --editable --build-directory /home/ubuntu/ros2_2dvision/build/test_robot_controller/build
[9.144s] DEBUG:colcon.colcon_core.event_handler.log_command:Invoked command in '/home/ubuntu/ros2_2dvision/build/test_robot_controller' returned '0': PYTHONPATH=/home/ubuntu/ros2_2dvision/build/test_robot_controller/prefix_override:/home/ubuntu/ros2_2dvision/install/test_robot_controller/lib/python3.10/site-packages:${PYTHONPATH} /usr/bin/python3 setup.py develop --uninstall --editable --build-directory /home/ubuntu/ros2_2dvision/build/test_robot_controller/build
[9.154s] DEBUG:colcon.colcon_core.event_handler.log_command:Invoking command in '/home/ubuntu/ros2_2dvision/src/test_robot_controller': PYTHONPATH=/home/ubuntu/ros2_2dvision/build/test_robot_controller/prefix_override:/home/ubuntu/ros2_2dvision/install/test_robot_controller/lib/python3.10/site-packages:${PYTHONPATH} /usr/bin/python3 setup.py egg_info --egg-base ../../build/test_robot_controller build --build-base /home/ubuntu/ros2_2dvision/build/test_robot_controller/build install --record /home/ubuntu/ros2_2dvision/build/test_robot_controller/install.log --single-version-externally-managed
[10.984s] DEBUG:colcon.colcon_core.event_handler.log_command:Invoked command in '/home/ubuntu/ros2_2dvision/src/test_robot_controller' returned '0': PYTHONPATH=/home/ubuntu/ros2_2dvision/build/test_robot_controller/prefix_override:/home/ubuntu/ros2_2dvision/install/test_robot_controller/lib/python3.10/site-packages:${PYTHONPATH} /usr/bin/python3 setup.py egg_info --egg-base ../../build/test_robot_controller build --build-base /home/ubuntu/ros2_2dvision/build/test_robot_controller/build install --record /home/ubuntu/ros2_2dvision/build/test_robot_controller/install.log --single-version-externally-managed
[11.007s] Level 1:colcon.colcon_core.environment:checking '/home/ubuntu/ros2_2dvision/install/test_robot_controller' for CMake module files
[11.011s] Level 1:colcon.colcon_core.environment:checking '/home/ubuntu/ros2_2dvision/install/test_robot_controller' for CMake config files
[11.015s] Level 1:colcon.colcon_core.environment:checking '/home/ubuntu/ros2_2dvision/install/test_robot_controller/lib'
[11.017s] Level 1:colcon.colcon_core.environment:checking '/home/ubuntu/ros2_2dvision/install/test_robot_controller/bin'
[11.018s] Level 1:colcon.colcon_core.environment:checking '/home/ubuntu/ros2_2dvision/install/test_robot_controller/lib/pkgconfig/test_robot_controller.pc'
[11.020s] Level 1:colcon.colcon_core.environment:checking '/home/ubuntu/ros2_2dvision/install/test_robot_controller/lib/python3.10/site-packages'
[11.021s] Level 1:colcon.colcon_core.shell:create_environment_hook('test_robot_controller', 'pythonpath')
[11.028s] INFO:colcon.colcon_core.shell:Creating environment hook '/home/ubuntu/ros2_2dvision/install/test_robot_controller/share/test_robot_controller/hook/pythonpath.ps1'
[11.033s] INFO:colcon.colcon_core.shell:Creating environment descriptor '/home/ubuntu/ros2_2dvision/install/test_robot_controller/share/test_robot_controller/hook/pythonpath.dsv'
[11.037s] INFO:colcon.colcon_core.shell:Creating environment hook '/home/ubuntu/ros2_2dvision/install/test_robot_controller/share/test_robot_controller/hook/pythonpath.sh'
[11.043s] Level 1:colcon.colcon_core.environment:checking '/home/ubuntu/ros2_2dvision/install/test_robot_controller/bin'
[11.044s] Level 1:colcon.colcon_core.environment:create_environment_scripts_only(test_robot_controller)
[11.053s] INFO:colcon.colcon_core.shell:Creating package script '/home/ubuntu/ros2_2dvision/install/test_robot_controller/share/test_robot_controller/package.ps1'
[11.062s] INFO:colcon.colcon_core.shell:Creating package descriptor '/home/ubuntu/ros2_2dvision/install/test_robot_controller/share/test_robot_controller/package.dsv'
[11.067s] INFO:colcon.colcon_core.shell:Creating package script '/home/ubuntu/ros2_2dvision/install/test_robot_controller/share/test_robot_controller/package.sh'
[11.074s] INFO:colcon.colcon_core.shell:Creating package script '/home/ubuntu/ros2_2dvision/install/test_robot_controller/share/test_robot_controller/package.bash'
[11.080s] INFO:colcon.colcon_core.shell:Creating package script '/home/ubuntu/ros2_2dvision/install/test_robot_controller/share/test_robot_controller/package.zsh'
[11.086s] Level 1:colcon.colcon_core.environment:create_file_with_runtime_dependencies(/home/ubuntu/ros2_2dvision/install/test_robot_controller/share/colcon-core/packages/test_robot_controller)
[11.092s] DEBUG:colcon.colcon_parallel_executor.executor.parallel:closing loop
[11.094s] DEBUG:colcon.colcon_parallel_executor.executor.parallel:loop closed
[11.095s] DEBUG:colcon.colcon_parallel_executor.executor.parallel:run_until_complete finished with '0'
[11.095s] DEBUG:colcon.colcon_core.event_reactor:joining thread
[11.121s] INFO:colcon.colcon_core.plugin_system:Skipping extension 'colcon_notification.desktop_notification.terminal_notifier': Not used on non-Darwin systems
[11.122s] INFO:colcon.colcon_core.plugin_system:Skipping extension 'colcon_notification.desktop_notification.win32': Not used on non-Windows systems
[11.123s] INFO:colcon.colcon_notification.desktop_notification:Sending desktop notification using 'notify2'
[11.129s] DEBUG:colcon.colcon_notification.desktop_notification.notify2:Failed to initialize notify2: org.freedesktop.DBus.Error.ServiceUnknown: The name org.freedesktop.Notifications was not provided by any .service files
[11.131s] DEBUG:colcon.colcon_core.event_reactor:joined thread
[11.136s] INFO:colcon.colcon_core.shell:Creating prefix script '/home/ubuntu/ros2_2dvision/install/local_setup.ps1'
[11.140s] INFO:colcon.colcon_core.shell:Creating prefix util module '/home/ubuntu/ros2_2dvision/install/_local_setup_util_ps1.py'
[11.148s] INFO:colcon.colcon_core.shell:Creating prefix chain script '/home/ubuntu/ros2_2dvision/install/setup.ps1'
[11.158s] INFO:colcon.colcon_core.shell:Creating prefix script '/home/ubuntu/ros2_2dvision/install/local_setup.sh'
[11.161s] INFO:colcon.colcon_core.shell:Creating prefix util module '/home/ubuntu/ros2_2dvision/install/_local_setup_util_sh.py'
[11.164s] INFO:colcon.colcon_core.shell:Creating prefix chain script '/home/ubuntu/ros2_2dvision/install/setup.sh'
[11.174s] INFO:colcon.colcon_core.shell:Creating prefix script '/home/ubuntu/ros2_2dvision/install/local_setup.bash'
[11.177s] INFO:colcon.colcon_core.shell:Creating prefix chain script '/home/ubuntu/ros2_2dvision/install/setup.bash'
[11.187s] INFO:colcon.colcon_core.shell:Creating prefix script '/home/ubuntu/ros2_2dvision/install/local_setup.zsh'
[11.190s] INFO:colcon.colcon_core.shell:Creating prefix chain script '/home/ubuntu/ros2_2dvision/install/setup.zsh'
