[1.660s] DEBUG:colcon:Command line arguments: ['/usr/bin/colcon', 'build']
[1.661s] DEBUG:colcon:Parsed command line arguments: Namespace(log_base=None, log_level=None, verb_name='build', build_base='build', install_base='install', merge_install=False, symlink_install=False, test_result_base=None, continue_on_error=False, executor='parallel', parallel_workers=4, event_handlers=None, ignore_user_meta=False, metas=['./colcon.meta'], base_paths=['.'], packages_ignore=None, packages_ignore_regex=None, paths=None, packages_up_to=None, packages_up_to_regex=None, packages_above=None, packages_above_and_dependencies=None, packages_above_depth=None, packages_select_by_dep=None, packages_skip_by_dep=None, packages_skip_up_to=None, packages_select_build_failed=False, packages_skip_build_finished=False, packages_select_test_failures=False, packages_skip_test_passed=False, packages_select=None, packages_skip=None, packages_select_regex=None, packages_skip_regex=None, packages_start=None, packages_end=None, allow_overriding=[], cmake_args=None, cmake_target=None, cmake_target_skip_unavailable=False, cmake_clean_cache=False, cmake_clean_first=False, cmake_force_configure=False, ament_cmake_args=None, catkin_cmake_args=None, catkin_skip_building_tests=False, verb_parser=<colcon_defaults.argument_parser.defaults.DefaultArgumentsDecorator object at 0xffff8cb7edd0>, verb_extension=<colcon_core.verb.build.BuildVerb object at 0xffff8cbed9c0>, main=<bound method BuildVerb.main of <colcon_core.verb.build.BuildVerb object at 0xffff8cbed9c0>>)
[1.770s] Level 1:colcon.colcon_core.package_discovery:discover_packages(colcon_meta) check parameters
[1.772s] Level 1:colcon.colcon_core.package_discovery:discover_packages(recursive) check parameters
[1.772s] Level 1:colcon.colcon_core.package_discovery:discover_packages(ignore) check parameters
[1.775s] Level 1:colcon.colcon_core.package_discovery:discover_packages(path) check parameters
[1.776s] Level 1:colcon.colcon_core.package_discovery:discover_packages(colcon_meta) discover
[1.777s] Level 1:colcon.colcon_core.package_discovery:discover_packages(recursive) discover
[1.778s] INFO:colcon.colcon_core.package_discovery:Crawling recursively for packages in '/home/ubuntu/ros2_2dvision'
[1.779s] Level 1:colcon.colcon_core.package_identification:_identify(.) by extensions ['ignore', 'ignore_ament_install']
[1.780s] Level 1:colcon.colcon_core.package_identification:_identify(.) by extension 'ignore'
[1.782s] Level 1:colcon.colcon_core.package_identification:_identify(.) by extension 'ignore_ament_install'
[1.783s] Level 1:colcon.colcon_core.package_identification:_identify(.) by extensions ['colcon_pkg']
[1.784s] Level 1:colcon.colcon_core.package_identification:_identify(.) by extension 'colcon_pkg'
[1.785s] Level 1:colcon.colcon_core.package_identification:_identify(.) by extensions ['colcon_meta']
[1.786s] Level 1:colcon.colcon_core.package_identification:_identify(.) by extension 'colcon_meta'
[1.787s] Level 1:colcon.colcon_core.package_identification:_identify(.) by extensions ['ros']
[1.787s] Level 1:colcon.colcon_core.package_identification:_identify(.) by extension 'ros'
[1.847s] Level 1:colcon.colcon_core.package_identification:_identify(.) by extensions ['cmake', 'python']
[1.848s] Level 1:colcon.colcon_core.package_identification:_identify(.) by extension 'cmake'
[1.849s] Level 1:colcon.colcon_core.package_identification:_identify(.) by extension 'python'
[1.850s] Level 1:colcon.colcon_core.package_identification:_identify(.) by extensions ['python_setup_py']
[1.851s] Level 1:colcon.colcon_core.package_identification:_identify(.) by extension 'python_setup_py'
[1.852s] Level 1:colcon.colcon_core.package_identification:_identify(build) by extensions ['ignore', 'ignore_ament_install']
[1.854s] Level 1:colcon.colcon_core.package_identification:_identify(build) by extension 'ignore'
[1.854s] Level 1:colcon.colcon_core.package_identification:_identify(build) ignored
[1.856s] Level 1:colcon.colcon_core.package_identification:_identify(install) by extensions ['ignore', 'ignore_ament_install']
[1.857s] Level 1:colcon.colcon_core.package_identification:_identify(install) by extension 'ignore'
[1.858s] Level 1:colcon.colcon_core.package_identification:_identify(install) ignored
[1.859s] Level 1:colcon.colcon_core.package_identification:_identify(log) by extensions ['ignore', 'ignore_ament_install']
[1.860s] Level 1:colcon.colcon_core.package_identification:_identify(log) by extension 'ignore'
[1.861s] Level 1:colcon.colcon_core.package_identification:_identify(log) ignored
[1.862s] Level 1:colcon.colcon_core.package_identification:_identify(src) by extensions ['ignore', 'ignore_ament_install']
[1.863s] Level 1:colcon.colcon_core.package_identification:_identify(src) by extension 'ignore'
[1.864s] Level 1:colcon.colcon_core.package_identification:_identify(src) by extension 'ignore_ament_install'
[1.865s] Level 1:colcon.colcon_core.package_identification:_identify(src) by extensions ['colcon_pkg']
[1.866s] Level 1:colcon.colcon_core.package_identification:_identify(src) by extension 'colcon_pkg'
[1.867s] Level 1:colcon.colcon_core.package_identification:_identify(src) by extensions ['colcon_meta']
[1.868s] Level 1:colcon.colcon_core.package_identification:_identify(src) by extension 'colcon_meta'
[1.869s] Level 1:colcon.colcon_core.package_identification:_identify(src) by extensions ['ros']
[1.870s] Level 1:colcon.colcon_core.package_identification:_identify(src) by extension 'ros'
[1.871s] Level 1:colcon.colcon_core.package_identification:_identify(src) by extensions ['cmake', 'python']
[1.871s] Level 1:colcon.colcon_core.package_identification:_identify(src) by extension 'cmake'
[1.872s] Level 1:colcon.colcon_core.package_identification:_identify(src) by extension 'python'
[1.873s] Level 1:colcon.colcon_core.package_identification:_identify(src) by extensions ['python_setup_py']
[1.874s] Level 1:colcon.colcon_core.package_identification:_identify(src) by extension 'python_setup_py'
[1.875s] Level 1:colcon.colcon_core.package_identification:_identify(src/test_robot_controller) by extensions ['ignore', 'ignore_ament_install']
[1.876s] Level 1:colcon.colcon_core.package_identification:_identify(src/test_robot_controller) by extension 'ignore'
[1.877s] Level 1:colcon.colcon_core.package_identification:_identify(src/test_robot_controller) by extension 'ignore_ament_install'
[1.878s] Level 1:colcon.colcon_core.package_identification:_identify(src/test_robot_controller) by extensions ['colcon_pkg']
[1.879s] Level 1:colcon.colcon_core.package_identification:_identify(src/test_robot_controller) by extension 'colcon_pkg'
[1.880s] Level 1:colcon.colcon_core.package_identification:_identify(src/test_robot_controller) by extensions ['colcon_meta']
[1.881s] Level 1:colcon.colcon_core.package_identification:_identify(src/test_robot_controller) by extension 'colcon_meta'
[1.882s] Level 1:colcon.colcon_core.package_identification:_identify(src/test_robot_controller) by extensions ['ros']
[1.882s] Level 1:colcon.colcon_core.package_identification:_identify(src/test_robot_controller) by extension 'ros'
[1.893s] DEBUG:colcon.colcon_core.package_identification:Package 'src/test_robot_controller' with type 'ros.ament_python' and name 'test_robot_controller'
[1.894s] Level 1:colcon.colcon_core.package_discovery:discover_packages(recursive) using defaults
[1.895s] Level 1:colcon.colcon_core.package_discovery:discover_packages(ignore) discover
[1.896s] Level 1:colcon.colcon_core.package_discovery:discover_packages(ignore) using defaults
[1.897s] Level 1:colcon.colcon_core.package_discovery:discover_packages(path) discover
[1.897s] Level 1:colcon.colcon_core.package_discovery:discover_packages(path) using defaults
[2.011s] Level 1:colcon.colcon_core.package_discovery:discover_packages(prefix_path) check parameters
[2.011s] Level 1:colcon.colcon_core.package_discovery:discover_packages(prefix_path) discover
[2.028s] DEBUG:colcon.colcon_installed_package_information.package_discovery:Found 4 installed packages in /home/ubuntu/ros2_realsense/install
[2.035s] DEBUG:colcon.colcon_installed_package_information.package_discovery:Found 10 installed packages in /home/ubuntu/ros2_ws/install
[2.041s] DEBUG:colcon.colcon_installed_package_information.package_discovery:Found 1 installed packages in /home/ubuntu/ros2_2dvision/install
[2.053s] DEBUG:colcon.colcon_installed_package_information.package_discovery:Found 312 installed packages in /opt/ros/humble
[2.062s] Level 1:colcon.colcon_core.package_discovery:discover_packages(prefix_path) using defaults
[2.368s] Level 5:colcon.colcon_core.verb:set package 'test_robot_controller' build argument 'cmake_args' from command line to 'None'
[2.368s] Level 5:colcon.colcon_core.verb:set package 'test_robot_controller' build argument 'cmake_target' from command line to 'None'
[2.368s] Level 5:colcon.colcon_core.verb:set package 'test_robot_controller' build argument 'cmake_target_skip_unavailable' from command line to 'False'
[2.368s] Level 5:colcon.colcon_core.verb:set package 'test_robot_controller' build argument 'cmake_clean_cache' from command line to 'False'
[2.368s] Level 5:colcon.colcon_core.verb:set package 'test_robot_controller' build argument 'cmake_clean_first' from command line to 'False'
[2.368s] Level 5:colcon.colcon_core.verb:set package 'test_robot_controller' build argument 'cmake_force_configure' from command line to 'False'
[2.369s] Level 5:colcon.colcon_core.verb:set package 'test_robot_controller' build argument 'ament_cmake_args' from command line to 'None'
[2.369s] Level 5:colcon.colcon_core.verb:set package 'test_robot_controller' build argument 'catkin_cmake_args' from command line to 'None'
[2.369s] Level 5:colcon.colcon_core.verb:set package 'test_robot_controller' build argument 'catkin_skip_building_tests' from command line to 'False'
[2.369s] DEBUG:colcon.colcon_core.verb:Building package 'test_robot_controller' with the following arguments: {'ament_cmake_args': None, 'build_base': '/home/ubuntu/ros2_2dvision/build/test_robot_controller', 'catkin_cmake_args': None, 'catkin_skip_building_tests': False, 'cmake_args': None, 'cmake_clean_cache': False, 'cmake_clean_first': False, 'cmake_force_configure': False, 'cmake_target': None, 'cmake_target_skip_unavailable': False, 'install_base': '/home/ubuntu/ros2_2dvision/install/test_robot_controller', 'merge_install': False, 'path': '/home/ubuntu/ros2_2dvision/src/test_robot_controller', 'symlink_install': False, 'test_result_base': None}
[2.372s] INFO:colcon.colcon_core.executor:Executing jobs using 'parallel' executor
[2.385s] DEBUG:colcon.colcon_parallel_executor.executor.parallel:run_until_complete
[2.387s] INFO:colcon.colcon_ros.task.ament_python.build:Building ROS package in '/home/ubuntu/ros2_2dvision/src/test_robot_controller' with build type 'ament_python'
[2.388s] Level 1:colcon.colcon_core.shell:create_environment_hook('test_robot_controller', 'ament_prefix_path')
[2.408s] INFO:colcon.colcon_core.plugin_system:Skipping extension 'colcon_core.shell.bat': Not used on non-Windows systems
[2.409s] INFO:colcon.colcon_core.shell:Creating environment hook '/home/ubuntu/ros2_2dvision/install/test_robot_controller/share/test_robot_controller/hook/ament_prefix_path.ps1'
[2.412s] INFO:colcon.colcon_core.shell:Creating environment descriptor '/home/ubuntu/ros2_2dvision/install/test_robot_controller/share/test_robot_controller/hook/ament_prefix_path.dsv'
[2.415s] INFO:colcon.colcon_core.shell:Creating environment hook '/home/ubuntu/ros2_2dvision/install/test_robot_controller/share/test_robot_controller/hook/ament_prefix_path.sh'
[2.423s] INFO:colcon.colcon_core.shell:Skip shell extension 'powershell' for command environment: Not usable outside of PowerShell
[2.424s] DEBUG:colcon.colcon_core.shell:Skip shell extension 'dsv' for command environment
[4.004s] INFO:colcon.colcon_core.task.python.build:Building Python package in '/home/ubuntu/ros2_2dvision/src/test_robot_controller'
[4.009s] INFO:colcon.colcon_core.shell:Skip shell extension 'powershell' for command environment: Not usable outside of PowerShell
[4.011s] DEBUG:colcon.colcon_core.shell:Skip shell extension 'dsv' for command environment
[6.395s] DEBUG:colcon.colcon_core.event_handler.log_command:Invoking command in '/home/ubuntu/ros2_2dvision/build/test_robot_controller': PYTHONPATH=/home/ubuntu/ros2_2dvision/build/test_robot_controller/prefix_override:/home/ubuntu/ros2_2dvision/install/test_robot_controller/lib/python3.10/site-packages:${PYTHONPATH} /usr/bin/python3 setup.py develop --uninstall --editable --build-directory /home/ubuntu/ros2_2dvision/build/test_robot_controller/build
[9.546s] DEBUG:colcon.colcon_core.event_handler.log_command:Invoked command in '/home/ubuntu/ros2_2dvision/build/test_robot_controller' returned '0': PYTHONPATH=/home/ubuntu/ros2_2dvision/build/test_robot_controller/prefix_override:/home/ubuntu/ros2_2dvision/install/test_robot_controller/lib/python3.10/site-packages:${PYTHONPATH} /usr/bin/python3 setup.py develop --uninstall --editable --build-directory /home/ubuntu/ros2_2dvision/build/test_robot_controller/build
[9.554s] DEBUG:colcon.colcon_core.event_handler.log_command:Invoking command in '/home/ubuntu/ros2_2dvision/src/test_robot_controller': PYTHONPATH=/home/ubuntu/ros2_2dvision/build/test_robot_controller/prefix_override:/home/ubuntu/ros2_2dvision/install/test_robot_controller/lib/python3.10/site-packages:${PYTHONPATH} /usr/bin/python3 setup.py egg_info --egg-base ../../build/test_robot_controller build --build-base /home/ubuntu/ros2_2dvision/build/test_robot_controller/build install --record /home/ubuntu/ros2_2dvision/build/test_robot_controller/install.log --single-version-externally-managed
[11.570s] DEBUG:colcon.colcon_core.event_handler.log_command:Invoked command in '/home/ubuntu/ros2_2dvision/src/test_robot_controller' returned '0': PYTHONPATH=/home/ubuntu/ros2_2dvision/build/test_robot_controller/prefix_override:/home/ubuntu/ros2_2dvision/install/test_robot_controller/lib/python3.10/site-packages:${PYTHONPATH} /usr/bin/python3 setup.py egg_info --egg-base ../../build/test_robot_controller build --build-base /home/ubuntu/ros2_2dvision/build/test_robot_controller/build install --record /home/ubuntu/ros2_2dvision/build/test_robot_controller/install.log --single-version-externally-managed
[11.592s] Level 1:colcon.colcon_core.environment:checking '/home/ubuntu/ros2_2dvision/install/test_robot_controller' for CMake module files
[11.597s] Level 1:colcon.colcon_core.environment:checking '/home/ubuntu/ros2_2dvision/install/test_robot_controller' for CMake config files
[11.603s] Level 1:colcon.colcon_core.environment:checking '/home/ubuntu/ros2_2dvision/install/test_robot_controller/lib'
[11.605s] Level 1:colcon.colcon_core.environment:checking '/home/ubuntu/ros2_2dvision/install/test_robot_controller/bin'
[11.607s] Level 1:colcon.colcon_core.environment:checking '/home/ubuntu/ros2_2dvision/install/test_robot_controller/lib/pkgconfig/test_robot_controller.pc'
[11.611s] Level 1:colcon.colcon_core.environment:checking '/home/ubuntu/ros2_2dvision/install/test_robot_controller/lib/python3.10/site-packages'
[11.612s] Level 1:colcon.colcon_core.shell:create_environment_hook('test_robot_controller', 'pythonpath')
[11.618s] INFO:colcon.colcon_core.shell:Creating environment hook '/home/ubuntu/ros2_2dvision/install/test_robot_controller/share/test_robot_controller/hook/pythonpath.ps1'
[11.623s] INFO:colcon.colcon_core.shell:Creating environment descriptor '/home/ubuntu/ros2_2dvision/install/test_robot_controller/share/test_robot_controller/hook/pythonpath.dsv'
[11.627s] INFO:colcon.colcon_core.shell:Creating environment hook '/home/ubuntu/ros2_2dvision/install/test_robot_controller/share/test_robot_controller/hook/pythonpath.sh'
[11.631s] Level 1:colcon.colcon_core.environment:checking '/home/ubuntu/ros2_2dvision/install/test_robot_controller/bin'
[11.632s] Level 1:colcon.colcon_core.environment:create_environment_scripts_only(test_robot_controller)
[11.638s] INFO:colcon.colcon_core.shell:Creating package script '/home/ubuntu/ros2_2dvision/install/test_robot_controller/share/test_robot_controller/package.ps1'
[11.645s] INFO:colcon.colcon_core.shell:Creating package descriptor '/home/ubuntu/ros2_2dvision/install/test_robot_controller/share/test_robot_controller/package.dsv'
[11.652s] INFO:colcon.colcon_core.shell:Creating package script '/home/ubuntu/ros2_2dvision/install/test_robot_controller/share/test_robot_controller/package.sh'
[11.658s] INFO:colcon.colcon_core.shell:Creating package script '/home/ubuntu/ros2_2dvision/install/test_robot_controller/share/test_robot_controller/package.bash'
[11.665s] INFO:colcon.colcon_core.shell:Creating package script '/home/ubuntu/ros2_2dvision/install/test_robot_controller/share/test_robot_controller/package.zsh'
[11.670s] Level 1:colcon.colcon_core.environment:create_file_with_runtime_dependencies(/home/ubuntu/ros2_2dvision/install/test_robot_controller/share/colcon-core/packages/test_robot_controller)
[11.675s] DEBUG:colcon.colcon_parallel_executor.executor.parallel:closing loop
[11.676s] DEBUG:colcon.colcon_parallel_executor.executor.parallel:loop closed
[11.676s] DEBUG:colcon.colcon_parallel_executor.executor.parallel:run_until_complete finished with '0'
[11.677s] DEBUG:colcon.colcon_core.event_reactor:joining thread
[11.704s] INFO:colcon.colcon_core.plugin_system:Skipping extension 'colcon_notification.desktop_notification.terminal_notifier': Not used on non-Darwin systems
[11.705s] INFO:colcon.colcon_core.plugin_system:Skipping extension 'colcon_notification.desktop_notification.win32': Not used on non-Windows systems
[11.706s] INFO:colcon.colcon_notification.desktop_notification:Sending desktop notification using 'notify2'
[11.712s] DEBUG:colcon.colcon_notification.desktop_notification.notify2:Failed to initialize notify2: org.freedesktop.DBus.Error.ServiceUnknown: The name org.freedesktop.Notifications was not provided by any .service files
[11.713s] DEBUG:colcon.colcon_core.event_reactor:joined thread
[11.719s] INFO:colcon.colcon_core.shell:Creating prefix script '/home/ubuntu/ros2_2dvision/install/local_setup.ps1'
[11.724s] INFO:colcon.colcon_core.shell:Creating prefix util module '/home/ubuntu/ros2_2dvision/install/_local_setup_util_ps1.py'
[11.730s] INFO:colcon.colcon_core.shell:Creating prefix chain script '/home/ubuntu/ros2_2dvision/install/setup.ps1'
[11.740s] INFO:colcon.colcon_core.shell:Creating prefix script '/home/ubuntu/ros2_2dvision/install/local_setup.sh'
[11.743s] INFO:colcon.colcon_core.shell:Creating prefix util module '/home/ubuntu/ros2_2dvision/install/_local_setup_util_sh.py'
[11.746s] INFO:colcon.colcon_core.shell:Creating prefix chain script '/home/ubuntu/ros2_2dvision/install/setup.sh'
[11.757s] INFO:colcon.colcon_core.shell:Creating prefix script '/home/ubuntu/ros2_2dvision/install/local_setup.bash'
[11.760s] INFO:colcon.colcon_core.shell:Creating prefix chain script '/home/ubuntu/ros2_2dvision/install/setup.bash'
[11.769s] INFO:colcon.colcon_core.shell:Creating prefix script '/home/ubuntu/ros2_2dvision/install/local_setup.zsh'
[11.772s] INFO:colcon.colcon_core.shell:Creating prefix chain script '/home/ubuntu/ros2_2dvision/install/setup.zsh'
